#
# A fatal error has been detected by the Java Runtime Environment:
#
#  SIGSEGV (0xb) at pc=0x00007fff92418f9f, pid=14158, tid=1811
#
# JRE version: Java(TM) SE Runtime Environment (8.0_60-b27) (build 1.8.0_60-b27)
# Java VM: Java HotSpot(TM) 64-Bit Server VM (25.60-b23 mixed mode bsd-amd64 compressed oops)
# Problematic frame:
# C  [GLEngine+0x15bf9f]  gleRunVertexSubmitImmediate+0x27ef
#
# Failed to write core dump. Core dumps have been disabled. To enable core dumping, try "ulimit -c unlimited" before starting Java again
#
# If you would like to submit a bug report, please visit:
#   http://bugreport.java.com/bugreport/crash.jsp
# The crash happened outside the Java Virtual Machine in native code.
# See problematic frame for where to report the bug.
#

---------------  T H R E A D  ---------------

Current thread (0x00007fe882002000):  JavaThread "main" [_thread_in_native, id=1811, stack(0x00007fff5e45c000,0x00007fff5ec5c000)]

siginfo: si_signo: 11 (SIGSEGV), si_code: 1 (SEGV_MAPERR), si_addr: 0x0000000000000008

Registers:
RAX=0x00007fff92418c5f, RBX=0x0000000000000006, RCX=0x0000000000000000, RDX=0x00007fff92419468
RSP=0x00007fff5ec561b0, RBP=0x00007fff5ec56400, RSI=0x0000000000000006, RDI=0x0000000000000027
R8 =0x0000000000841800, R9 =0x00007fe886000000, R10=0x00007fe88326c6e0, R11=0x00007fe886000000
R12=0x0000000000000003, R13=0x0000000000841800, R14=0x00007fe886000000, R15=0x0000000000000000
RIP=0x00007fff92418f9f, EFLAGS=0x0000000000010297, ERR=0x0000000000000004
  TRAPNO=0x000000000000000e

Top of Stack: (sp=0x00007fff5ec561b0)
0x00007fff5ec561b0:   00007fff776e3070 00007fe882011e30
0x00007fff5ec561c0:   00007fff5ec56380 000000012602f1a3
0x00007fff5ec561d0:   0000000000000008 0000000000000008
0x00007fff5ec561e0:   8c00e2b7f4035b17 0000000000000008
0x00007fff5ec561f0:   00007fe882011000 0000000000000000
0x00007fff5ec56200:   00007fe88326ac60 00007fe8841b4c00
0x00007fff5ec56210:   00007fff5ec56280 0000000000000320
0x00007fff5ec56220:   00007fe88201b288 0000000100002001
0x00007fff5ec56230:   0000002000000000 0000000000000000
0x00007fff5ec56240:   000000012697e320 00007fe882014d10
0x00007fff5ec56250:   0000000000000000 0000000000000001
0x00007fff5ec56260:   00407e0000000000 047e7ffffffffff7
0x00007fff5ec56270:   00007fe886000810 00007fe882011000
0x00007fff5ec56280:   00007fe886000140 00007fe886000170
0x00007fff5ec56290:   00007fe886000150 00007fe886000180
0x00007fff5ec562a0:   00007fe886000160 00007fe8860001a0
0x00007fff5ec562b0:   0000000000000000 0000000000000000
0x00007fff5ec562c0:   fffffffe00000001 00007fe882014d10
0x00007fff5ec562d0:   0000000000001083 0000000000000001
0x00007fff5ec562e0:   ffffffff10008010 0000000000000001
0x00007fff5ec562f0:   00007fe886000190 0000000010008010
0x00007fff5ec56300:   7a00000300000000 0000000000000000
0x00007fff5ec56310:   00000c3300000000 00007fff94eb3c70
0x00007fff5ec56320:   0000000002106000 0000000000000000
0x00007fff5ec56330:   00007fff5ec563ac 00007fff5ec563b0
0x00007fff5ec56340:   00007fff5ec563b4 00007fe88326c648
0x00007fff5ec56350:   0000000000000000 0000000000000000
0x00007fff5ec56360:   0000000000000000 00007fe88326c648
0x00007fff5ec56370:   0000000000000003 00007fe886000000
0x00007fff5ec56380:   0000000000000000 00007fe886000000
0x00007fff5ec56390:   0000000000000000 000000012775f060
0x00007fff5ec563a0:   000000012775f090 0000000000000000 

Instructions: (pc=0x00007fff92418f9f)
0x00007fff92418f7f:   c6 66 0f 6d c0 66 49 0f 7e c7 bb 05 00 00 00 e9
0x00007fff92418f8f:   bd 02 00 00 4c 8b 31 4c 8b 79 08 e9 2c f9 ff ff
0x00007fff92418f9f:   f3 0f 10 49 08 f2 0f 10 01 66 0f 14 c1 66 49 0f
0x00007fff92418faf:   7e c6 66 0f 6d c0 66 49 0f 7e c7 e9 0c f9 ff ff 

Register to memory mapping:

RAX=0x00007fff92418c5f: gleRunVertexSubmitImmediate+0x24af in /System/Library/Frameworks/OpenGL.framework/Versions/A/Resources/GLEngine.bundle/GLEngine at 0x00007fff922bd000
RBX=0x0000000000000006 is an unknown value
RCX=0x0000000000000000 is an unknown value
RDX=0x00007fff92419468: gleRunVertexSubmitImmediate+0x2cb8 in /System/Library/Frameworks/OpenGL.framework/Versions/A/Resources/GLEngine.bundle/GLEngine at 0x00007fff922bd000
RSP=0x00007fff5ec561b0 is pointing into the stack for thread: 0x00007fe882002000
RBP=0x00007fff5ec56400 is pointing into the stack for thread: 0x00007fe882002000
RSI=0x0000000000000006 is an unknown value
RDI=0x0000000000000027 is an unknown value
R8 =0x0000000000841800 is an unknown value
R9 =0x00007fe886000000 is an unknown value
R10=0x00007fe88326c6e0 is an unknown value
R11=0x00007fe886000000 is an unknown value
R12=0x0000000000000003 is an unknown value
R13=0x0000000000841800 is an unknown value
R14=0x00007fe886000000 is an unknown value
R15=0x0000000000000000 is an unknown value


Stack: [0x00007fff5e45c000,0x00007fff5ec5c000],  sp=0x00007fff5ec561b0,  free space=8168k
Native frames: (J=compiled Java code, j=interpreted, Vv=VM code, C=native code)
C  [GLEngine+0x15bf9f]  gleRunVertexSubmitImmediate+0x27ef
C  [GLEngine+0xbb946]  glDrawArrays_GL3Exec+0x28f
j  org.lwjgl.system.JNI.callIIIV(JIII)V+0
j  org.lwjgl.opengl.GL11.glDrawArrays(III)V+11
j  be.davidcorp.view.game.GameLoop.start()V+125
j  be.davidcorp.view.game.GameStarter.main([Ljava/lang/String;)V+359
v  ~StubRoutines::call_stub
V  [libjvm.dylib+0x2eab0e]  JavaCalls::call_helper(JavaValue*, methodHandle*, JavaCallArguments*, Thread*)+0x6ae
V  [libjvm.dylib+0x4caf44]  Reflection::invoke(instanceKlassHandle, methodHandle, Handle, bool, objArrayHandle, BasicType, objArrayHandle, bool, Thread*)+0xe12
V  [libjvm.dylib+0x4cb478]  Reflection::invoke_method(oopDesc*, Handle, objArrayHandle, Thread*)+0x16c
V  [libjvm.dylib+0x342cc0]  JVM_InvokeMethod+0x166
j  sun.reflect.NativeMethodAccessorImpl.invoke0(Ljava/lang/reflect/Method;Ljava/lang/Object;[Ljava/lang/Object;)Ljava/lang/Object;+0
j  sun.reflect.NativeMethodAccessorImpl.invoke(Ljava/lang/Object;[Ljava/lang/Object;)Ljava/lang/Object;+100
j  sun.reflect.DelegatingMethodAccessorImpl.invoke(Ljava/lang/Object;[Ljava/lang/Object;)Ljava/lang/Object;+6
j  java.lang.reflect.Method.invoke(Ljava/lang/Object;[Ljava/lang/Object;)Ljava/lang/Object;+56
j  com.intellij.rt.execution.application.AppMain.main([Ljava/lang/String;)V+180
v  ~StubRoutines::call_stub
V  [libjvm.dylib+0x2eab0e]  JavaCalls::call_helper(JavaValue*, methodHandle*, JavaCallArguments*, Thread*)+0x6ae
V  [libjvm.dylib+0x321820]  jni_invoke_static(JNIEnv_*, JavaValue*, _jobject*, JNICallType, _jmethodID*, JNI_ArgumentPusher*, Thread*)+0x1bf
V  [libjvm.dylib+0x31a59a]  jni_CallStaticVoidMethod+0x15d
C  [java+0x393e]  JavaMain+0x9b1
C  [java+0x559c]  -[JavaLaunchHelper launchJava:]+0x2a
C  [Foundation+0x92dd0]  __NSThreadPerformPerform+0x125
C  [CoreFoundation+0x80a01]  __CFRUNLOOP_IS_CALLING_OUT_TO_A_SOURCE0_PERFORM_FUNCTION__+0x11
C  [CoreFoundation+0x72b8d]  __CFRunLoopDoSources0+0x10d
C  [CoreFoundation+0x721bf]  __CFRunLoopRun+0x39f
C  [CoreFoundation+0x71bd8]  CFRunLoopRunSpecific+0x128
C  [java+0x6463]  CreateExecutionEnvironment+0x367
C  [java+0x21ac]  JLI_Launch+0x7a0
C  [java+0x84c0]  main+0x65
C  [java+0x1a04]  start+0x34
C  0x0000000000000009

Java frames: (J=compiled Java code, j=interpreted, Vv=VM code)
j  org.lwjgl.system.JNI.callIIIV(JIII)V+0
j  org.lwjgl.opengl.GL11.glDrawArrays(III)V+11
j  be.davidcorp.view.game.GameLoop.start()V+125
j  be.davidcorp.view.game.GameStarter.main([Ljava/lang/String;)V+359
v  ~StubRoutines::call_stub
j  sun.reflect.NativeMethodAccessorImpl.invoke0(Ljava/lang/reflect/Method;Ljava/lang/Object;[Ljava/lang/Object;)Ljava/lang/Object;+0
j  sun.reflect.NativeMethodAccessorImpl.invoke(Ljava/lang/Object;[Ljava/lang/Object;)Ljava/lang/Object;+100
j  sun.reflect.DelegatingMethodAccessorImpl.invoke(Ljava/lang/Object;[Ljava/lang/Object;)Ljava/lang/Object;+6
j  java.lang.reflect.Method.invoke(Ljava/lang/Object;[Ljava/lang/Object;)Ljava/lang/Object;+56
j  com.intellij.rt.execution.application.AppMain.main([Ljava/lang/String;)V+180
v  ~StubRoutines::call_stub

---------------  P R O C E S S  ---------------

Java Threads: ( => current thread )
  0x00007fe882804000 JavaThread "Monitor Ctrl-Break" daemon [_thread_in_native, id=21251, stack(0x0000000120fb0000,0x00000001210b0000)]
  0x00007fe881005800 JavaThread "Service Thread" daemon [_thread_blocked, id=20227, stack(0x0000000120b32000,0x0000000120c32000)]
  0x00007fe88481c000 JavaThread "C1 CompilerThread3" daemon [_thread_blocked, id=19715, stack(0x0000000120a2f000,0x0000000120b2f000)]
  0x00007fe882808000 JavaThread "C2 CompilerThread2" daemon [_thread_blocked, id=19203, stack(0x000000012092c000,0x0000000120a2c000)]
  0x00007fe884021000 JavaThread "C2 CompilerThread1" daemon [_thread_blocked, id=18691, stack(0x0000000120829000,0x0000000120929000)]
  0x00007fe884818800 JavaThread "C2 CompilerThread0" daemon [_thread_blocked, id=18179, stack(0x0000000120726000,0x0000000120826000)]
  0x00007fe881837800 JavaThread "Signal Dispatcher" daemon [_thread_blocked, id=15375, stack(0x0000000120623000,0x0000000120723000)]
  0x00007fe884017800 JavaThread "Finalizer" daemon [_thread_blocked, id=13571, stack(0x000000011eb81000,0x000000011ec81000)]
  0x00007fe881007000 JavaThread "Reference Handler" daemon [_thread_blocked, id=13059, stack(0x000000011ea7e000,0x000000011eb7e000)]
=>0x00007fe882002000 JavaThread "main" [_thread_in_native, id=1811, stack(0x00007fff5e45c000,0x00007fff5ec5c000)]

Other Threads:
  0x00007fe884017000 VMThread [stack: 0x000000011e97b000,0x000000011ea7b000] [id=12547]
  0x00007fe881038000 WatcherThread [stack: 0x0000000120c35000,0x0000000120d35000] [id=20739]

VM state:not at safepoint (normal execution)

VM Mutex/Monitor currently owned by a thread: None

Heap:
 PSYoungGen      total 76288K, used 29020K [0x000000076ab00000, 0x0000000770000000, 0x00000007c0000000)
  eden space 65536K, 44% used [0x000000076ab00000,0x000000076c7572b0,0x000000076eb00000)
  from space 10752K, 0% used [0x000000076f580000,0x000000076f580000,0x0000000770000000)
  to   space 10752K, 0% used [0x000000076eb00000,0x000000076eb00000,0x000000076f580000)
 ParOldGen       total 175104K, used 0K [0x00000006c0000000, 0x00000006cab00000, 0x000000076ab00000)
  object space 175104K, 0% used [0x00000006c0000000,0x00000006c0000000,0x00000006cab00000)
 Metaspace       used 8488K, capacity 8896K, committed 8960K, reserved 1056768K
  class space    used 718K, capacity 752K, committed 768K, reserved 1048576K

Card table byte_map: [0x00000001125c0000,0x0000000112dc1000] byte_map_base: 0x000000010efc0000

Marking Bits: (ParMarkBitMap*) 0x0000000101981e20
 Begin Bits: [0x0000000113a2c000, 0x0000000117a2c000)
 End Bits:   [0x0000000117a2c000, 0x000000011ba2c000)

Polling page: 0x0000000102087000

CodeCache: size=245760Kb used=2372Kb max_used=2388Kb free=243387Kb
 bounds [0x0000000103200000, 0x0000000103470000, 0x0000000112200000]
 total_blobs=1102 nmethods=419 adapters=597
 compilation: enabled

Compilation events (10 events):
Event: 7.023 Thread 0x00007fe88481c000 nmethod 414 0x000000010344ae10 code [0x000000010344b020, 0x000000010344bbb8]
Event: 7.023 Thread 0x00007fe88481c000  415   !   3       java.util.zip.ZipFile::releaseInflater (41 bytes)
Event: 7.023 Thread 0x00007fe88481c000 nmethod 415 0x000000010344c110 code [0x000000010344c2c0, 0x000000010344c9d8]
Event: 7.023 Thread 0x00007fe88481c000  416   !   3       java.util.zip.Inflater::reset (69 bytes)
Event: 7.023 Thread 0x00007fe88481c000 nmethod 416 0x000000010344d010 code [0x000000010344d1a0, 0x000000010344d5f8]
Event: 7.023 Thread 0x00007fe88481c000  418       3       java.util.ArrayDeque::add (7 bytes)
Event: 7.024 Thread 0x00007fe88481c000 nmethod 418 0x000000010344d7d0 code [0x000000010344d940, 0x000000010344dae8]
Event: 7.024 Thread 0x00007fe88481c000  419       3       java.util.ArrayDeque::addLast (53 bytes)
Event: 7.024 Thread 0x00007fe88481c000 nmethod 419 0x000000010344db90 code [0x000000010344dd20, 0x000000010344e138]
Event: 7.029 Thread 0x00007fe884818800 nmethod 398 0x0000000103452dd0 code [0x0000000103453120, 0x00000001034549d0]

GC Heap History (0 events):
No events

Deoptimization events (2 events):
Event: 0.265 Thread 0x00007fe882002000 Uncommon trap: reason=unstable_if action=reinterpret pc=0x00000001033288fc method=java.lang.String.indexOf(II)I @ 49
Event: 0.270 Thread 0x00007fe882002000 Uncommon trap: reason=unstable_if action=reinterpret pc=0x00000001033239e8 method=java.lang.String.hashCode()I @ 14

Internal exceptions (10 events):
Event: 0.215 Thread 0x00007fe882002000 Exception <a 'java/util/zip/ZipException'> (0x000000076abe0ad8) thrown at [/Users/java_re/workspace/8-2-build-macosx-x86_64/jdk8u60/4407/hotspot/src/share/vm/prims/jni.cpp, line 709]
Event: 0.215 Thread 0x00007fe882002000 Exception <a 'java/security/PrivilegedActionException'> (0x000000076abe0ce0) thrown at [/Users/java_re/workspace/8-2-build-macosx-x86_64/jdk8u60/4407/hotspot/src/share/vm/prims/jvm.cpp, line 1386]
Event: 0.216 Thread 0x00007fe882002000 Exception <a 'java/security/PrivilegedActionException'> (0x000000076abe0ef0) thrown at [/Users/java_re/workspace/8-2-build-macosx-x86_64/jdk8u60/4407/hotspot/src/share/vm/prims/jvm.cpp, line 1386]
Event: 0.218 Thread 0x00007fe882002000 Exception <a 'java/util/zip/ZipException'> (0x000000076abf2a70) thrown at [/Users/java_re/workspace/8-2-build-macosx-x86_64/jdk8u60/4407/hotspot/src/share/vm/prims/jni.cpp, line 709]
Event: 0.218 Thread 0x00007fe882002000 Exception <a 'java/security/PrivilegedActionException'> (0x000000076abf2c78) thrown at [/Users/java_re/workspace/8-2-build-macosx-x86_64/jdk8u60/4407/hotspot/src/share/vm/prims/jvm.cpp, line 1386]
Event: 0.218 Thread 0x00007fe882002000 Exception <a 'java/security/PrivilegedActionException'> (0x000000076abf2e88) thrown at [/Users/java_re/workspace/8-2-build-macosx-x86_64/jdk8u60/4407/hotspot/src/share/vm/prims/jvm.cpp, line 1386]
Event: 0.288 Thread 0x00007fe882002000 Exception <a 'java/security/PrivilegedActionException'> (0x000000076af50240) thrown at [/Users/java_re/workspace/8-2-build-macosx-x86_64/jdk8u60/4407/hotspot/src/share/vm/prims/jvm.cpp, line 1386]
Event: 0.288 Thread 0x00007fe882002000 Exception <a 'java/security/PrivilegedActionException'> (0x000000076af50450) thrown at [/Users/java_re/workspace/8-2-build-macosx-x86_64/jdk8u60/4407/hotspot/src/share/vm/prims/jvm.cpp, line 1386]
Event: 0.289 Thread 0x00007fe882002000 Exception <a 'java/security/PrivilegedActionException'> (0x000000076af536f0) thrown at [/Users/java_re/workspace/8-2-build-macosx-x86_64/jdk8u60/4407/hotspot/src/share/vm/prims/jvm.cpp, line 1386]
Event: 0.289 Thread 0x00007fe882002000 Exception <a 'java/security/PrivilegedActionException'> (0x000000076af53900) thrown at [/Users/java_re/workspace/8-2-build-macosx-x86_64/jdk8u60/4407/hotspot/src/share/vm/prims/jvm.cpp, line 1386]

Events (10 events):
Event: 7.037 loading class com/google/common/io/InputSupplier
Event: 7.037 loading class com/google/common/io/InputSupplier done
Event: 7.039 loading class org/lwjgl/system/MemoryUtil$BufferAllocator
Event: 7.039 loading class org/lwjgl/system/MemoryUtil$BufferAllocator done
Event: 7.039 loading class org/lwjgl/system/MemoryUtil$BufferAllocator$1
Event: 7.039 loading class org/lwjgl/system/MemoryUtil$BufferAllocator$1 done
Event: 7.039 loading class org/lwjgl/system/MemoryUtil$BufferAllocator$2
Event: 7.039 loading class org/lwjgl/system/MemoryUtil$BufferAllocator$2 done
Event: 7.041 loading class org/lwjgl/opengl/GLChecks
Event: 7.041 loading class org/lwjgl/opengl/GLChecks done


Dynamic libraries:
0x0000000006d2c000 	/System/Library/Frameworks/Cocoa.framework/Versions/A/Cocoa
0x0000000006d2c000 	/System/Library/Frameworks/Security.framework/Versions/A/Security
0x0000000006d2c000 	/System/Library/Frameworks/ApplicationServices.framework/Versions/A/ApplicationServices
0x0000000006d2c000 	/usr/lib/libz.1.dylib
0x0000000006d2c000 	/usr/lib/libSystem.B.dylib
0x0000000006d2c000 	/usr/lib/libobjc.A.dylib
0x0000000006d2c000 	/System/Library/Frameworks/CoreFoundation.framework/Versions/A/CoreFoundation
0x0000000006d2c000 	/System/Library/Frameworks/Foundation.framework/Versions/C/Foundation
0x0000000006d2c000 	/System/Library/Frameworks/AppKit.framework/Versions/C/AppKit
0x0000000006d2c000 	/System/Library/Frameworks/CoreData.framework/Versions/A/CoreData
0x0000000006d2c000 	/System/Library/PrivateFrameworks/RemoteViewServices.framework/Versions/A/RemoteViewServices
0x0000000006d2c000 	/System/Library/PrivateFrameworks/UIFoundation.framework/Versions/A/UIFoundation
0x0000000006d2c000 	/System/Library/Frameworks/IOSurface.framework/Versions/A/IOSurface
0x0000000006d2c000 	/System/Library/Frameworks/AudioToolbox.framework/Versions/A/AudioToolbox
0x0000000006d2c000 	/System/Library/Frameworks/AudioUnit.framework/Versions/A/AudioUnit
0x0000000006d2c000 	/System/Library/PrivateFrameworks/DataDetectorsCore.framework/Versions/A/DataDetectorsCore
0x0000000006d2c000 	/System/Library/PrivateFrameworks/DesktopServicesPriv.framework/Versions/A/DesktopServicesPriv
0x0000000006d2c000 	/System/Library/Frameworks/Carbon.framework/Versions/A/Frameworks/HIToolbox.framework/Versions/A/HIToolbox
0x0000000006d2c000 	/System/Library/Frameworks/QuartzCore.framework/Versions/A/QuartzCore
0x0000000006d2c000 	/System/Library/Frameworks/Carbon.framework/Versions/A/Frameworks/SpeechRecognition.framework/Versions/A/SpeechRecognition
0x0000000006d2c000 	/usr/lib/libauto.dylib
0x0000000006d2c000 	/usr/lib/libicucore.A.dylib
0x0000000006d2c000 	/usr/lib/libxml2.2.dylib
0x0000000006d2c000 	/System/Library/PrivateFrameworks/CoreUI.framework/Versions/A/CoreUI
0x0000000006d2c000 	/System/Library/Frameworks/CoreAudio.framework/Versions/A/CoreAudio
0x0000000006d2c000 	/System/Library/Frameworks/DiskArbitration.framework/Versions/A/DiskArbitration
0x0000000006d2c000 	/usr/lib/liblangid.dylib
0x0000000006d2c000 	/System/Library/PrivateFrameworks/MultitouchSupport.framework/Versions/A/MultitouchSupport
0x0000000006d2c000 	/System/Library/Frameworks/IOKit.framework/Versions/A/IOKit
0x0000000006d2c000 	/usr/lib/libDiagnosticMessagesClient.dylib
0x0000000006d2c000 	/System/Library/Frameworks/CoreServices.framework/Versions/A/CoreServices
0x0000000006d2c000 	/System/Library/PrivateFrameworks/PerformanceAnalysis.framework/Versions/A/PerformanceAnalysis
0x0000000006d2c000 	/System/Library/PrivateFrameworks/GenerationalStorage.framework/Versions/A/GenerationalStorage
0x0000000006d2c000 	/System/Library/Frameworks/OpenGL.framework/Versions/A/OpenGL
0x0000000006d2c000 	/System/Library/PrivateFrameworks/Sharing.framework/Versions/A/Sharing
0x0000000006d2c000 	/System/Library/Frameworks/CoreGraphics.framework/Versions/A/CoreGraphics
0x0000000006d2c000 	/System/Library/Frameworks/CoreText.framework/Versions/A/CoreText
0x0000000006d2c000 	/System/Library/Frameworks/ImageIO.framework/Versions/A/ImageIO
0x0000000006d2c000 	/usr/lib/libextension.dylib
0x0000000006d2c000 	/System/Library/PrivateFrameworks/Backup.framework/Versions/A/Backup
0x0000000006d2c000 	/usr/lib/libarchive.2.dylib
0x0000000006d2c000 	/System/Library/Frameworks/CFNetwork.framework/Versions/A/CFNetwork
0x0000000006d2c000 	/System/Library/Frameworks/SystemConfiguration.framework/Versions/A/SystemConfiguration
0x0000000006d2c000 	/usr/lib/libCRFSuite.dylib
0x0000000006d2c000 	/usr/lib/libc++.1.dylib
0x0000000006d2c000 	/usr/lib/libc++abi.dylib
0x0000000006d2c000 	/usr/lib/system/libcache.dylib
0x0000000006d2c000 	/usr/lib/system/libcommonCrypto.dylib
0x0000000006d2c000 	/usr/lib/system/libcompiler_rt.dylib
0x0000000006d2c000 	/usr/lib/system/libcopyfile.dylib
0x0000000006d2c000 	/usr/lib/system/libcorecrypto.dylib
0x0000000006d2c000 	/usr/lib/system/libdispatch.dylib
0x0000000006d2c000 	/usr/lib/system/libdyld.dylib
0x0000000006d2c000 	/usr/lib/system/libkeymgr.dylib
0x0000000006d2c000 	/usr/lib/system/liblaunch.dylib
0x0000000006d2c000 	/usr/lib/system/libmacho.dylib
0x0000000006d2c000 	/usr/lib/system/libquarantine.dylib
0x0000000006d2c000 	/usr/lib/system/libremovefile.dylib
0x0000000006d2c000 	/usr/lib/system/libsystem_asl.dylib
0x0000000006d2c000 	/usr/lib/system/libsystem_blocks.dylib
0x0000000006d2c000 	/usr/lib/system/libsystem_c.dylib
0x0000000006d2c000 	/usr/lib/system/libsystem_configuration.dylib
0x0000000006d2c000 	/usr/lib/system/libsystem_coreservices.dylib
0x0000000006d2c000 	/usr/lib/system/libsystem_coretls.dylib
0x0000000006d2c000 	/usr/lib/system/libsystem_dnssd.dylib
0x0000000006d2c000 	/usr/lib/system/libsystem_info.dylib
0x0000000006d2c000 	/usr/lib/system/libsystem_kernel.dylib
0x0000000006d2c000 	/usr/lib/system/libsystem_m.dylib
0x0000000006d2c000 	/usr/lib/system/libsystem_malloc.dylib
0x0000000006d2c000 	/usr/lib/system/libsystem_network.dylib
0x0000000006d2c000 	/usr/lib/system/libsystem_networkextension.dylib
0x0000000006d2c000 	/usr/lib/system/libsystem_notify.dylib
0x0000000006d2c000 	/usr/lib/system/libsystem_platform.dylib
0x0000000006d2c000 	/usr/lib/system/libsystem_pthread.dylib
0x0000000006d2c000 	/usr/lib/system/libsystem_sandbox.dylib
0x0000000006d2c000 	/usr/lib/system/libsystem_secinit.dylib
0x0000000006d2c000 	/usr/lib/system/libsystem_stats.dylib
0x0000000006d2c000 	/usr/lib/system/libsystem_trace.dylib
0x0000000006d2c000 	/usr/lib/system/libunc.dylib
0x0000000006d2c000 	/usr/lib/system/libunwind.dylib
0x0000000006d2c000 	/usr/lib/system/libxpc.dylib
0x0000000006d2c000 	/usr/lib/libbz2.1.0.dylib
0x0000000006d2c000 	/usr/lib/liblzma.5.dylib
0x0000000006d2c000 	/usr/lib/libbsm.0.dylib
0x0000000006d2c000 	/usr/lib/libsqlite3.dylib
0x0000000006d2c000 	/usr/lib/system/libkxld.dylib
0x0000000006d2c000 	/usr/lib/libxar.1.dylib
0x0000000006d2c000 	/usr/lib/libpam.2.dylib
0x0000000006d2c000 	/usr/lib/libOpenScriptingUtil.dylib
0x0000000006d2c000 	/System/Library/Frameworks/CoreServices.framework/Versions/A/Frameworks/FSEvents.framework/Versions/A/FSEvents
0x0000000006d2c000 	/System/Library/Frameworks/CoreServices.framework/Versions/A/Frameworks/CarbonCore.framework/Versions/A/CarbonCore
0x0000000006d2c000 	/System/Library/Frameworks/CoreServices.framework/Versions/A/Frameworks/Metadata.framework/Versions/A/Metadata
0x0000000006d2c000 	/System/Library/Frameworks/CoreServices.framework/Versions/A/Frameworks/OSServices.framework/Versions/A/OSServices
0x0000000006d2c000 	/System/Library/Frameworks/CoreServices.framework/Versions/A/Frameworks/SearchKit.framework/Versions/A/SearchKit
0x0000000006d2c000 	/System/Library/Frameworks/CoreServices.framework/Versions/A/Frameworks/AE.framework/Versions/A/AE
0x0000000006d2c000 	/System/Library/Frameworks/CoreServices.framework/Versions/A/Frameworks/LaunchServices.framework/Versions/A/LaunchServices
0x0000000006d2c000 	/System/Library/Frameworks/CoreServices.framework/Versions/A/Frameworks/DictionaryServices.framework/Versions/A/DictionaryServices
0x0000000006d2c000 	/System/Library/Frameworks/NetFS.framework/Versions/A/NetFS
0x0000000006d2c000 	/System/Library/PrivateFrameworks/NetAuth.framework/Versions/A/NetAuth
0x0000000006d2c000 	/System/Library/PrivateFrameworks/login.framework/Versions/A/Frameworks/loginsupport.framework/Versions/A/loginsupport
0x0000000006d2c000 	/System/Library/PrivateFrameworks/TCC.framework/Versions/A/TCC
0x0000000006d2c000 	/usr/lib/libmecabra.dylib
0x0000000006d2c000 	/System/Library/Frameworks/ApplicationServices.framework/Versions/A/Frameworks/ATS.framework/Versions/A/ATS
0x0000000006d2c000 	/System/Library/Frameworks/ApplicationServices.framework/Versions/A/Frameworks/ColorSync.framework/Versions/A/ColorSync
0x0000000006d2c000 	/System/Library/Frameworks/ApplicationServices.framework/Versions/A/Frameworks/HIServices.framework/Versions/A/HIServices
0x0000000006d2c000 	/System/Library/Frameworks/ApplicationServices.framework/Versions/A/Frameworks/LangAnalysis.framework/Versions/A/LangAnalysis
0x0000000006d2c000 	/System/Library/Frameworks/ApplicationServices.framework/Versions/A/Frameworks/PrintCore.framework/Versions/A/PrintCore
0x0000000006d2c000 	/System/Library/Frameworks/ApplicationServices.framework/Versions/A/Frameworks/QD.framework/Versions/A/QD
0x0000000006d2c000 	/System/Library/Frameworks/ApplicationServices.framework/Versions/A/Frameworks/SpeechSynthesis.framework/Versions/A/SpeechSynthesis
0x0000000006d2c000 	/System/Library/Frameworks/Accelerate.framework/Versions/A/Accelerate
0x0000000006d2c000 	/System/Library/Frameworks/Accelerate.framework/Versions/A/Frameworks/vImage.framework/Versions/A/vImage
0x0000000006d2c000 	/System/Library/Frameworks/Accelerate.framework/Versions/A/Frameworks/vecLib.framework/Versions/A/vecLib
0x0000000006d2c000 	/System/Library/Frameworks/Accelerate.framework/Versions/A/Frameworks/vecLib.framework/Versions/A/libvDSP.dylib
0x0000000006d2c000 	/System/Library/Frameworks/Accelerate.framework/Versions/A/Frameworks/vecLib.framework/Versions/A/libvMisc.dylib
0x0000000006d2c000 	/System/Library/Frameworks/Accelerate.framework/Versions/A/Frameworks/vecLib.framework/Versions/A/libLAPACK.dylib
0x0000000006d2c000 	/System/Library/Frameworks/Accelerate.framework/Versions/A/Frameworks/vecLib.framework/Versions/A/libBLAS.dylib
0x0000000006d2c000 	/System/Library/Frameworks/Accelerate.framework/Versions/A/Frameworks/vecLib.framework/Versions/A/libLinearAlgebra.dylib
0x0000000006d2c000 	/System/Library/Frameworks/ApplicationServices.framework/Versions/A/Frameworks/ATS.framework/Versions/A/Resources/libFontParser.dylib
0x0000000006d2c000 	/System/Library/Frameworks/ApplicationServices.framework/Versions/A/Frameworks/ATS.framework/Versions/A/Resources/libFontRegistry.dylib
0x0000000006d2c000 	/System/Library/PrivateFrameworks/AppleVPA.framework/Versions/A/AppleVPA
0x0000000006d2c000 	/System/Library/PrivateFrameworks/AppleJPEG.framework/Versions/A/AppleJPEG
0x0000000006d2c000 	/System/Library/Frameworks/ImageIO.framework/Versions/A/Resources/libJPEG.dylib
0x0000000006d2c000 	/System/Library/Frameworks/ImageIO.framework/Versions/A/Resources/libTIFF.dylib
0x0000000006d2c000 	/System/Library/Frameworks/ImageIO.framework/Versions/A/Resources/libPng.dylib
0x0000000006d2c000 	/System/Library/Frameworks/ImageIO.framework/Versions/A/Resources/libGIF.dylib
0x0000000006d2c000 	/System/Library/Frameworks/ImageIO.framework/Versions/A/Resources/libJP2.dylib
0x0000000006d2c000 	/System/Library/Frameworks/ImageIO.framework/Versions/A/Resources/libRadiance.dylib
0x0000000006d2c000 	/System/Library/Frameworks/CoreVideo.framework/Versions/A/CoreVideo
0x0000000006d2c000 	/System/Library/Frameworks/OpenGL.framework/Versions/A/Libraries/libGLU.dylib
0x0000000006d2c000 	/System/Library/Frameworks/OpenGL.framework/Versions/A/Libraries/libGFXShared.dylib
0x0000000006d2c000 	/System/Library/Frameworks/OpenGL.framework/Versions/A/Libraries/libGL.dylib
0x0000000006d2c000 	/System/Library/Frameworks/OpenGL.framework/Versions/A/Libraries/libGLImage.dylib
0x0000000006d2c000 	/System/Library/Frameworks/OpenGL.framework/Versions/A/Libraries/libCVMSPluginSupport.dylib
0x0000000006d2c000 	/System/Library/Frameworks/OpenGL.framework/Versions/A/Libraries/libCoreVMClient.dylib
0x0000000006d2c000 	/usr/lib/libcups.2.dylib
0x0000000006d2c000 	/System/Library/Frameworks/Kerberos.framework/Versions/A/Kerberos
0x0000000006d2c000 	/System/Library/Frameworks/GSS.framework/Versions/A/GSS
0x0000000006d2c000 	/usr/lib/libresolv.9.dylib
0x0000000006d2c000 	/usr/lib/libiconv.2.dylib
0x0000000006d2c000 	/System/Library/PrivateFrameworks/Heimdal.framework/Versions/A/Heimdal
0x0000000006d2c000 	/usr/lib/libheimdal-asn1.dylib
0x0000000006d2c000 	/System/Library/Frameworks/OpenDirectory.framework/Versions/A/OpenDirectory
0x0000000006d2c000 	/System/Library/PrivateFrameworks/CommonAuth.framework/Versions/A/CommonAuth
0x0000000006d2c000 	/System/Library/Frameworks/OpenDirectory.framework/Versions/A/Frameworks/CFOpenDirectory.framework/Versions/A/CFOpenDirectory
0x0000000006d2c000 	/System/Library/Frameworks/SecurityFoundation.framework/Versions/A/SecurityFoundation
0x0000000006d2c000 	/System/Library/PrivateFrameworks/LanguageModeling.framework/Versions/A/LanguageModeling
0x0000000006d2c000 	/usr/lib/libcmph.dylib
0x0000000006d2c000 	/System/Library/Frameworks/ServiceManagement.framework/Versions/A/ServiceManagement
0x0000000006d2c000 	/usr/lib/libxslt.1.dylib
0x0000000006d2c000 	/System/Library/Frameworks/Carbon.framework/Versions/A/Frameworks/Ink.framework/Versions/A/Ink
0x0000000006d2c000 	/System/Library/Frameworks/QuartzCore.framework/Versions/A/Frameworks/CoreImage.framework/Versions/A/CoreImage
0x0000000006d2c000 	/System/Library/PrivateFrameworks/CrashReporterSupport.framework/Versions/A/CrashReporterSupport
0x0000000006d2c000 	/System/Library/Frameworks/OpenCL.framework/Versions/A/OpenCL
0x0000000006d2c000 	/System/Library/PrivateFrameworks/FaceCore.framework/Versions/A/FaceCore
0x0000000006d2c000 	/System/Library/PrivateFrameworks/Ubiquity.framework/Versions/A/Ubiquity
0x0000000006d2c000 	/System/Library/PrivateFrameworks/IconServices.framework/Versions/A/IconServices
0x0000000006d2c000 	/System/Library/PrivateFrameworks/ChunkingLibrary.framework/Versions/A/ChunkingLibrary
0x0000000006d2c000 	/System/Library/PrivateFrameworks/Apple80211.framework/Versions/A/Apple80211
0x0000000006d2c000 	/System/Library/Frameworks/CoreWLAN.framework/Versions/A/CoreWLAN
0x0000000006d2c000 	/System/Library/Frameworks/IOBluetooth.framework/Versions/A/IOBluetooth
0x0000000006d2c000 	/System/Library/PrivateFrameworks/CoreWiFi.framework/Versions/A/CoreWiFi
0x0000000006d2c000 	/System/Library/Frameworks/CoreBluetooth.framework/Versions/A/CoreBluetooth
0x0000000006d2c000 	/System/Library/PrivateFrameworks/DebugSymbols.framework/Versions/A/DebugSymbols
0x0000000006d2c000 	/System/Library/PrivateFrameworks/CoreSymbolication.framework/Versions/A/CoreSymbolication
0x0000000006d2c000 	/System/Library/PrivateFrameworks/Symbolication.framework/Versions/A/Symbolication
0x0000000006d2c000 	/System/Library/PrivateFrameworks/SpeechRecognitionCore.framework/Versions/A/SpeechRecognitionCore
0x00000001010a3000 	/Library/Java/JavaVirtualMachines/jdk1.8.0_60.jdk/Contents/Home/jre/lib/server/libjvm.dylib
0x0000000006d2c000 	/usr/lib/libstdc++.6.dylib
0x0000000102044000 	/Library/Java/JavaVirtualMachines/jdk1.8.0_60.jdk/Contents/Home/jre/lib/libverify.dylib
0x0000000102052000 	/Library/Java/JavaVirtualMachines/jdk1.8.0_60.jdk/Contents/Home/jre/lib/libjava.dylib
0x0000000102090000 	/Library/Java/JavaVirtualMachines/jdk1.8.0_60.jdk/Contents/Home/jre/lib/libzip.dylib
0x000000011ec83000 	/System/Library/Frameworks/JavaVM.framework/Frameworks/JavaRuntimeSupport.framework/JavaRuntimeSupport
0x000000011ec9e000 	/System/Library/Frameworks/JavaVM.framework/Versions/A/Frameworks/JavaNativeFoundation.framework/Versions/A/JavaNativeFoundation
0x00000001021ed000 	/System/Library/Frameworks/JavaVM.framework/Versions/A/JavaVM
0x0000000006d2c000 	/System/Library/Frameworks/Carbon.framework/Versions/A/Carbon
0x000000011ecb3000 	/System/Library/PrivateFrameworks/JavaLaunching.framework/Versions/A/JavaLaunching
0x0000000006d2c000 	/System/Library/Frameworks/Carbon.framework/Versions/A/Frameworks/CommonPanels.framework/Versions/A/CommonPanels
0x0000000006d2c000 	/System/Library/Frameworks/Carbon.framework/Versions/A/Frameworks/Help.framework/Versions/A/Help
0x0000000006d2c000 	/System/Library/Frameworks/Carbon.framework/Versions/A/Frameworks/ImageCapture.framework/Versions/A/ImageCapture
0x0000000006d2c000 	/System/Library/Frameworks/Carbon.framework/Versions/A/Frameworks/OpenScripting.framework/Versions/A/OpenScripting
0x0000000006d2c000 	/System/Library/Frameworks/Carbon.framework/Versions/A/Frameworks/Print.framework/Versions/A/Print
0x0000000006d2c000 	/System/Library/Frameworks/Carbon.framework/Versions/A/Frameworks/SecurityHI.framework/Versions/A/SecurityHI
0x0000000120fac000 	/Applications/IntelliJ IDEA 15.app/Contents/bin/libbreakgen64.jnilib
0x00000001210b2000 	/Library/Java/JavaVirtualMachines/jdk1.8.0_60.jdk/Contents/Home/jre/lib/libnet.dylib
0x0000000121111000 	/Library/Java/JavaVirtualMachines/jdk1.8.0_60.jdk/Contents/Home/jre/lib/libnio.dylib
0x00000001213a8000 	/private/var/folders/06/2pfnmrxj1y31y1vpgmc2cx_m0000gp/T/liblwjgl.dylib
0x0000000121409000 	/var/folders/06/2pfnmrxj1y31y1vpgmc2cx_m0000gp/T/libjemalloc.dylib
0x0000000121443000 	/var/folders/06/2pfnmrxj1y31y1vpgmc2cx_m0000gp/T/libglfw.dylib
0x0000000006d2c000 	/System/Library/PrivateFrameworks/CoreServicesInternal.framework/Versions/A/CoreServicesInternal
0x0000000006d2c000 	/System/Library/PrivateFrameworks/CloudDocs.framework/Versions/A/CloudDocs
0x0000000006d2c000 	/System/Library/PrivateFrameworks/CoreDuet.framework/Versions/A/CoreDuet
0x0000000006d2c000 	/System/Library/Frameworks/CloudKit.framework/Versions/A/CloudKit
0x0000000006d2c000 	/System/Library/PrivateFrameworks/ProtocolBuffer.framework/Versions/A/ProtocolBuffer
0x0000000006d2c000 	/System/Library/PrivateFrameworks/CoreDuetDaemonProtocol.framework/Versions/A/CoreDuetDaemonProtocol
0x0000000006d2c000 	/System/Library/PrivateFrameworks/CoreDuetDebugLogging.framework/Versions/A/CoreDuetDebugLogging
0x0000000006d2c000 	/System/Library/PrivateFrameworks/MMCS.framework/Versions/A/MMCS
0x0000000006d2c000 	/System/Library/Frameworks/CoreLocation.framework/Versions/A/CoreLocation
0x0000000006d2c000 	/System/Library/PrivateFrameworks/ProtectedCloudStorage.framework/Versions/A/ProtectedCloudStorage
0x0000000006d2c000 	/System/Library/PrivateFrameworks/GeoServices.framework/Versions/A/GeoServices
0x0000000006d2c000 	/System/Library/Frameworks/CoreGraphics.framework/Versions/A/Resources/libCGCMS.A.dylib
0x0000000006d2c000 	/System/Library/PrivateFrameworks/FamilyControls.framework/Versions/A/FamilyControls
0x0000000006d2c000 	/System/Library/PrivateFrameworks/CommerceKit.framework/Versions/A/Frameworks/CommerceCore.framework/Versions/A/CommerceCore
0x0000000006d2c000 	/System/Library/PrivateFrameworks/SystemAdministration.framework/Versions/A/SystemAdministration
0x0000000006d2c000 	/System/Library/PrivateFrameworks/AppContainer.framework/Versions/A/AppContainer
0x0000000006d2c000 	/System/Library/PrivateFrameworks/SecCodeWrapper.framework/Versions/A/SecCodeWrapper
0x0000000006d2c000 	/System/Library/Frameworks/DirectoryService.framework/Versions/A/DirectoryService
0x0000000006d2c000 	/System/Library/PrivateFrameworks/DiskImages.framework/Versions/A/DiskImages
0x0000000006d2c000 	/System/Library/PrivateFrameworks/LoginUIKit.framework/Versions/A/Frameworks/LoginUICore.framework/Versions/A/LoginUICore
0x0000000006d2c000 	/usr/lib/libCoreStorage.dylib
0x0000000006d2c000 	/usr/lib/libcsfde.dylib
0x0000000006d2c000 	/usr/lib/libodfde.dylib
0x0000000006d2c000 	/System/Library/Frameworks/DiscRecording.framework/Versions/A/DiscRecording
0x0000000006d2c000 	/usr/lib/libcurl.4.dylib
0x0000000006d2c000 	/System/Library/PrivateFrameworks/MediaKit.framework/Versions/A/MediaKit
0x0000000006d2c000 	/System/Library/PrivateFrameworks/EFILogin.framework/Versions/A/EFILogin
0x0000000006d2c000 	/usr/lib/libutil.dylib
0x0000000006d2c000 	/System/Library/PrivateFrameworks/FindMyDevice.framework/Versions/A/FindMyDevice
0x0000000006d2c000 	/System/Library/Frameworks/LDAP.framework/Versions/A/LDAP
0x0000000006d2c000 	/usr/lib/libsasl2.2.dylib
0x0000000006d2c000 	/System/Library/PrivateFrameworks/CoreDaemon.framework/Versions/B/CoreDaemon
0x0000000006d2c000 	/usr/lib/libcrypto.0.9.8.dylib
0x0000000006d2c000 	/System/Library/PrivateFrameworks/AppleSRP.framework/Versions/A/AppleSRP
0x0000000006d2c000 	/System/Library/PrivateFrameworks/TrustEvaluationAgent.framework/Versions/A/TrustEvaluationAgent
0x0000000006d2c000 	/System/Library/Frameworks/CoreGraphics.framework/Versions/A/Resources/libCGXType.A.dylib
0x0000000006d2c000 	/System/Library/Frameworks/CoreGraphics.framework/Versions/A/Resources/libRIP.A.dylib
0x0000000006d2c000 	/System/Library/Frameworks/OpenCL.framework/Versions/A/Libraries/libcldcpuengine.dylib
0x00000001257de000 	cl_kernels
0x00000001257e0000 	/System/Library/Frameworks/OpenCL.framework/Versions/A/Libraries/ImageFormats/unorm8_bgra.dylib
0x00000001257d0000 	cl_kernels
0x0000000006d2c000 	/System/Library/Frameworks/OpenGL.framework/Versions/A/Resources/GLEngine.bundle/GLEngine
0x0000000006d2c000 	/System/Library/Frameworks/OpenGL.framework/Versions/A/Libraries/libGLProgrammability.dylib
0x0000000125f2a000 	/System/Library/Extensions/AppleIntelHD5000GraphicsGLDriver.bundle/Contents/MacOS/AppleIntelHD5000GraphicsGLDriver
0x0000000006d2c000 	/System/Library/PrivateFrameworks/IOAccelerator.framework/Versions/A/IOAccelerator
0x0000000006d2c000 	/System/Library/PrivateFrameworks/GPUSupport.framework/Versions/A/Libraries/libGPUSupportMercury.dylib
0x0000000006d2c000 	/System/Library/Frameworks/OpenGL.framework/Versions/A/Resources/GLRendererFloat.bundle/GLRendererFloat

VM Arguments:
jvm_args: -Didea.launcher.port=7533 -Didea.launcher.bin.path=/Applications/IntelliJ IDEA 15.app/Contents/bin -Dfile.encoding=UTF-8 
java_command: com.intellij.rt.execution.application.AppMain be.davidcorp.view.game.GameStarter
java_class_path (initial): /Library/Java/JavaVirtualMachines/jdk1.8.0_60.jdk/Contents/Home/lib/ant-javafx.jar:/Library/Java/JavaVirtualMachines/jdk1.8.0_60.jdk/Contents/Home/lib/dt.jar:/Library/Java/JavaVirtualMachines/jdk1.8.0_60.jdk/Contents/Home/lib/javafx-mx.jar:/Library/Java/JavaVirtualMachines/jdk1.8.0_60.jdk/Contents/Home/lib/jconsole.jar:/Library/Java/JavaVirtualMachines/jdk1.8.0_60.jdk/Contents/Home/lib/packager.jar:/Library/Java/JavaVirtualMachines/jdk1.8.0_60.jdk/Contents/Home/lib/sa-jdi.jar:/Library/Java/JavaVirtualMachines/jdk1.8.0_60.jdk/Contents/Home/lib/tools.jar:/Library/Java/JavaVirtualMachines/jdk1.8.0_60.jdk/Contents/Home/jre/lib/charsets.jar:/Library/Java/JavaVirtualMachines/jdk1.8.0_60.jdk/Contents/Home/jre/lib/deploy.jar:/Library/Java/JavaVirtualMachines/jdk1.8.0_60.jdk/Contents/Home/jre/lib/javaws.jar:/Library/Java/JavaVirtualMachines/jdk1.8.0_60.jdk/Contents/Home/jre/lib/jce.jar:/Library/Java/JavaVirtualMachines/jdk1.8.0_60.jdk/Contents/Home/jre/lib/jfr.jar:/Library/Java/JavaVirtualMachines/jdk1.8.0_60.jdk/Contents/Home/jre/lib/jfxswt.jar:/Library/Java/JavaVirtualMachines/jdk1.8.0_60.jdk/Contents/Home/jre/lib/jsse.jar:/Library/Java/JavaVirtualMachines/jdk1.8.0_60.jdk/Contents/Home/jre/lib/management-agent.jar:/Library/Java/JavaVirtualMachines/jdk1.8.0_60.jdk/Contents/Home/jre/lib/plugin.jar:/Library/Java/JavaVirtualMachines/jdk1.8.0_60.jdk/Contents/Home/jre/lib/resources.jar:/Library/Java/JavaVirtualMachines/jdk1.8.0_60.jdk/Contents/Home/jre/lib/rt.jar:/Library/Java/JavaVirtualMachines/jdk1.8.0_60.jdk/Contents/Home/jre/lib/ext/cldrdata.jar:/Library/Java/JavaVirtualMachines/jdk1.8.0_60.jdk/Contents/Home/jre/lib/ext/dnsns.jar:/Library/Java/JavaVirtualMachines/jdk1.8.0_60.jdk/Contents/Home/jre/lib/ext/jaccess.jar:/Library/Java/JavaVirtualMachines/jdk1.8.0_60.jdk/Contents/Home/jre/lib/ext/jfxrt.jar:/Library/Java/JavaVirtualMachines/jdk1.8.0_60.jdk/Contents/Home/jre/lib/ext/localedata.jar:/Library/Java/JavaVirtualMachines/jdk1.8.0_60.jdk/Conten
Launcher Type: SUN_STANDARD

Environment Variables:
JAVA_HOME=/Library/Java/JavaVirtualMachines/jdk1.8.0_60.jdk/Contents/Home/
PATH=/Users/davidmaes/Development/tools/apache-maven-3.0.5/bin:/Users/davidmaes/Downloads/phantomjs-1.9.7-macosx/bin:/usr/local/bin:/usr/bin:/bin:/usr/sbin:/sbin
SHELL=/bin/zsh
DISPLAY=/private/tmp/com.apple.launchd.cXwwBt6Mji/org.macosforge.xquartz:0

Signal Handlers:
SIGSEGV: [libjvm.dylib+0x5a6d31], sa_mask[0]=11111111011111110111111111111111, sa_flags=SA_ONSTACK|SA_RESTART|SA_SIGINFO
SIGBUS: [libjvm.dylib+0x5a6d31], sa_mask[0]=11111111011111110111111111111111, sa_flags=SA_RESTART|SA_SIGINFO
SIGFPE: [libjvm.dylib+0x480a4c], sa_mask[0]=11111111011111110111111111111111, sa_flags=SA_RESTART|SA_SIGINFO
SIGPIPE: [libjvm.dylib+0x480a4c], sa_mask[0]=11111111011111110111111111111111, sa_flags=SA_RESTART|SA_SIGINFO
SIGXFSZ: [libjvm.dylib+0x480a4c], sa_mask[0]=11111111011111110111111111111111, sa_flags=SA_RESTART|SA_SIGINFO
SIGILL: [libjvm.dylib+0x480a4c], sa_mask[0]=11111111011111110111111111111111, sa_flags=SA_RESTART|SA_SIGINFO
SIGUSR1: SIG_DFL, sa_mask[0]=00000000000000000000000000000000, sa_flags=none
SIGUSR2: [libjvm.dylib+0x48056a], sa_mask[0]=00100000000000000000000000000000, sa_flags=SA_RESTART|SA_SIGINFO
SIGHUP: [libjvm.dylib+0x47eb41], sa_mask[0]=11111111011111110111111111111111, sa_flags=SA_RESTART|SA_SIGINFO
SIGINT: [libjvm.dylib+0x47eb41], sa_mask[0]=11111111011111110111111111111111, sa_flags=SA_RESTART|SA_SIGINFO
SIGTERM: [libjvm.dylib+0x47eb41], sa_mask[0]=11111111011111110111111111111111, sa_flags=SA_RESTART|SA_SIGINFO
SIGQUIT: [libjvm.dylib+0x47eb41], sa_mask[0]=11111111011111110111111111111111, sa_flags=SA_RESTART|SA_SIGINFO


---------------  S Y S T E M  ---------------

OS:Bsduname:Darwin 14.5.0 Darwin Kernel Version 14.5.0: Wed Jul 29 02:26:53 PDT 2015; root:xnu-2782.40.9~1/RELEASE_X86_64 x86_64
rlimit: STACK 8192k, CORE 0k, NPROC 709, NOFILE 10240, AS infinity
load average:5.96 3.60 3.26

CPU:total 8 (4 cores per cpu, 2 threads per core) family 6 model 70 stepping 1, cmov, cx8, fxsr, mmx, sse, sse2, sse3, ssse3, sse4.1, sse4.2, popcnt, avx, avx2, aes, clmul, erms, lzcnt, ht, tsc, tscinvbit, bmi1, bmi2

Memory: 4k page, physical 16777216k(44520k free)

/proc/meminfo:


vm_info: Java HotSpot(TM) 64-Bit Server VM (25.60-b23) for bsd-amd64 JRE (1.8.0_60-b27), built on Aug  4 2015 10:47:24 by "java_re" with gcc 4.2.1 (Based on Apple Inc. build 5658) (LLVM build 2336.11.00)

time: Wed Feb 24 13:09:28 2016
elapsed time: 7 seconds (0d 0h 0m 7s)

