#
# A fatal error has been detected by the Java Runtime Environment:
#
#  SIGSEGV (0xb) at pc=0x00007fff91469829, pid=36744, tid=1811
#
# JRE version: Java(TM) SE Runtime Environment (8.0_60-b27) (build 1.8.0_60-b27)
# Java VM: Java HotSpot(TM) 64-Bit Server VM (25.60-b23 mixed mode bsd-amd64 compressed oops)
# Problematic frame:
# C  [GLEngine+0x7d829]  glGetShaderiv_Exec+0x15a
#
# Failed to write core dump. Core dumps have been disabled. To enable core dumping, try "ulimit -c unlimited" before starting Java again
#
# If you would like to submit a bug report, please visit:
#   http://bugreport.java.com/bugreport/crash.jsp
# The crash happened outside the Java Virtual Machine in native code.
# See problematic frame for where to report the bug.
#

---------------  T H R E A D  ---------------

Current thread (0x00007f9ce300a800):  JavaThread "main" [_thread_in_native, id=1811, stack(0x00007fff5c711000,0x00007fff5cf11000)]

siginfo: si_signo: 11 (SIGSEGV), si_code: 1 (SEGV_MAPERR), si_addr: 0x0000000000000000

Registers:
RAX=0x0000000000000000, RBX=0x00007f9ce7800000, RCX=0x00007fff915231ce, RDX=0x0000000000000001
RSP=0x00007fff5cf0b460, RBP=0x00007fff5cf0b490, RSI=0x00007f9ce4d00660, RDI=0x00007f9ce7800000
R8 =0x00007f9ce4e01210, R9 =0x00007f9ce4d00660, R10=0x0000000104dfd928, R11=0x00000001042ef4db
R12=0x00007f9ce4e00000, R13=0x000000011e3c2ff8, R14=0x0000000000000000, R15=0x0000000000000000
RIP=0x00007fff91469829, EFLAGS=0x0000000000010246, ERR=0x0000000000000006
  TRAPNO=0x000000000000000e

Top of Stack: (sp=0x00007fff5cf0b460)
0x00007fff5cf0b460:   000000011e3c2ff8 000000001e3c2ff8
0x00007fff5cf0b470:   000000011e3c2ff8 0000000000000000
0x00007fff5cf0b480:   00007fff5cf0b560 00007f9ce300a800
0x00007fff5cf0b490:   00007fff5cf0b518 0000000104dfd954
0x00007fff5cf0b4a0:   00007f9ce300a800 00007f9ce300a800
0x00007fff5cf0b4b0:   000000011e3c2ff8 00007fff5cf0b560
0x00007fff5cf0b4c0:   00007fff5cf0b518 0000000104dfd6e7
0x00007fff5cf0b4d0:   0000000104dfd6a2 00007fff5cf0b4d8
0x00007fff5cf0b4e0:   000000011e3c2ff8 00007fff5cf0b560
0x00007fff5cf0b4f0:   000000011e3cc4c0 0000000000000000
0x00007fff5cf0b500:   000000011e3c2ff8 0000000000000000
0x00007fff5cf0b510:   00007fff5cf0b538 00007fff5cf0b5a8
0x00007fff5cf0b520:   0000000104defc4d 000000076b2b3ec0
0x00007fff5cf0b530:   0000000104df7578 0000000000000000
0x00007fff5cf0b540:   000000011e4616e8 0000000000008b81
0x00007fff5cf0b550:   0000000000000001 00007fff87ed2a20
0x00007fff5cf0b560:   000000076b48a528 00007fff5cf0b568
0x00007fff5cf0b570:   000000011e464c85 00007fff5cf0b5e0
0x00007fff5cf0b580:   000000011e46dd90 0000000000000000
0x00007fff5cf0b590:   000000011e464cc8 00007fff5cf0b538
0x00007fff5cf0b5a0:   00007fff5cf0b5c8 00007fff5cf0b628
0x00007fff5cf0b5b0:   0000000104defc4d 00007fff87ed2a20
0x00007fff5cf0b5c0:   0000000000000000 0000000000000000
0x00007fff5cf0b5d0:   000000076beac090 0000000000008b81
0x00007fff5cf0b5e0:   0000000000000001 00007fff5cf0b5e8
0x00007fff5cf0b5f0:   000000011e464e49 00007fff5cf0b648
0x00007fff5cf0b600:   000000011e46dd90 0000000000000000
0x00007fff5cf0b610:   000000011e464e80 00007fff5cf0b5c8
0x00007fff5cf0b620:   00007fff5cf0b638 00007fff5cf0b690
0x00007fff5cf0b630:   0000000104defc4d 000000076beac090
0x00007fff5cf0b640:   0000000000008b81 0000000000000001
0x00007fff5cf0b650:   00007fff5cf0b650 000000011e6db96c 

Instructions: (pc=0x00007fff91469829)
0x00007fff91469809:   28 9f 00 00 00 75 09 66 c7 83 28 9f 00 00 02 05
0x00007fff91469819:   48 83 c4 10 5b 41 5c 41 5e 41 5f 5d c3 8b 45 dc
0x00007fff91469829:   41 89 06 eb eb 55 48 89 e5 41 57 41 56 41 54 53
0x00007fff91469839:   48 83 ec 10 49 89 ce 41 89 d7 41 89 f4 48 89 fb 

Register to memory mapping:

RAX=0x0000000000000000 is an unknown value
RBX=0x00007f9ce7800000 is an unknown value
RCX=0x00007fff915231ce: gleGetObjectParameter+0x599 in /System/Library/Frameworks/OpenGL.framework/Versions/A/Resources/GLEngine.bundle/GLEngine at 0x00007fff913ec000
RDX=0x0000000000000001 is an unknown value
RSP=0x00007fff5cf0b460 is pointing into the stack for thread: 0x00007f9ce300a800
RBP=0x00007fff5cf0b490 is pointing into the stack for thread: 0x00007f9ce300a800
RSI=0x00007f9ce4d00660 is an unknown value
RDI=0x00007f9ce7800000 is an unknown value
R8 =0x00007f9ce4e01210 is an unknown value
R9 =0x00007f9ce4d00660 is an unknown value
R10=0x0000000104dfd928 is at code_begin+808 in an Interpreter codelet
method entry point (kind = native)  [0x0000000104dfd600, 0x0000000104dfdf00]  2304 bytes
R11=0x00000001042ef4db: throw_unsatisfied_link_error+0 in /Library/Java/JavaVirtualMachines/jdk1.8.0_60.jdk/Contents/Home/jre/lib/server/libjvm.dylib at 0x0000000103e13000
R12=0x00007f9ce4e00000 is an unknown value
R13={method} {0x000000011e3c2ff8} 'callIIPV' '(JIIJ)V' in 'org/lwjgl/system/JNI'
R14=0x0000000000000000 is an unknown value
R15=0x0000000000000000 is an unknown value


Stack: [0x00007fff5c711000,0x00007fff5cf11000],  sp=0x00007fff5cf0b460,  free space=8169k
Native frames: (J=compiled Java code, j=interpreted, Vv=VM code, C=native code)
C  [GLEngine+0x7d829]  glGetShaderiv_Exec+0x15a
j  org.lwjgl.system.JNI.callIIPV(JIIJ)V+0
j  org.lwjgl.opengl.GL20.nglGetShaderiv(IIJ)V+13
j  org.lwjgl.opengl.GL20.glGetShaderiv(IILjava/nio/IntBuffer;)V+17
j  be.davidcorp.engine.ShaderLoader.loadShaders(Ljava/lang/String;Ljava/lang/String;)I+84
j  be.davidcorp.engine.Test.main([Ljava/lang/String;)V+124
v  ~StubRoutines::call_stub
V  [libjvm.dylib+0x2eab0e]  JavaCalls::call_helper(JavaValue*, methodHandle*, JavaCallArguments*, Thread*)+0x6ae
V  [libjvm.dylib+0x4caf44]  Reflection::invoke(instanceKlassHandle, methodHandle, Handle, bool, objArrayHandle, BasicType, objArrayHandle, bool, Thread*)+0xe12
V  [libjvm.dylib+0x4cb478]  Reflection::invoke_method(oopDesc*, Handle, objArrayHandle, Thread*)+0x16c
V  [libjvm.dylib+0x342cc0]  JVM_InvokeMethod+0x166
j  sun.reflect.NativeMethodAccessorImpl.invoke0(Ljava/lang/reflect/Method;Ljava/lang/Object;[Ljava/lang/Object;)Ljava/lang/Object;+0
j  sun.reflect.NativeMethodAccessorImpl.invoke(Ljava/lang/Object;[Ljava/lang/Object;)Ljava/lang/Object;+100
j  sun.reflect.DelegatingMethodAccessorImpl.invoke(Ljava/lang/Object;[Ljava/lang/Object;)Ljava/lang/Object;+6
j  java.lang.reflect.Method.invoke(Ljava/lang/Object;[Ljava/lang/Object;)Ljava/lang/Object;+56
j  com.intellij.rt.execution.application.AppMain.main([Ljava/lang/String;)V+180
v  ~StubRoutines::call_stub
V  [libjvm.dylib+0x2eab0e]  JavaCalls::call_helper(JavaValue*, methodHandle*, JavaCallArguments*, Thread*)+0x6ae
V  [libjvm.dylib+0x321820]  jni_invoke_static(JNIEnv_*, JavaValue*, _jobject*, JNICallType, _jmethodID*, JNI_ArgumentPusher*, Thread*)+0x1bf
V  [libjvm.dylib+0x31a59a]  jni_CallStaticVoidMethod+0x15d
C  [java+0x393e]  JavaMain+0x9b1
C  [java+0x559c]  -[JavaLaunchHelper launchJava:]+0x2a
C  [Foundation+0x92dd0]  __NSThreadPerformPerform+0x125
C  [CoreFoundation+0x80a01]  __CFRUNLOOP_IS_CALLING_OUT_TO_A_SOURCE0_PERFORM_FUNCTION__+0x11
C  [CoreFoundation+0x72b8d]  __CFRunLoopDoSources0+0x10d
C  [CoreFoundation+0x721bf]  __CFRunLoopRun+0x39f
C  [CoreFoundation+0x71bd8]  CFRunLoopRunSpecific+0x128
C  [java+0x6463]  CreateExecutionEnvironment+0x367
C  [java+0x21ac]  JLI_Launch+0x7a0
C  [java+0x84c0]  main+0x65
C  [java+0x1a04]  start+0x34
C  0x0000000000000009

Java frames: (J=compiled Java code, j=interpreted, Vv=VM code)
j  org.lwjgl.system.JNI.callIIPV(JIIJ)V+0
j  org.lwjgl.opengl.GL20.nglGetShaderiv(IIJ)V+13
j  org.lwjgl.opengl.GL20.glGetShaderiv(IILjava/nio/IntBuffer;)V+17
j  be.davidcorp.engine.ShaderLoader.loadShaders(Ljava/lang/String;Ljava/lang/String;)I+84
j  be.davidcorp.engine.Test.main([Ljava/lang/String;)V+124
v  ~StubRoutines::call_stub
j  sun.reflect.NativeMethodAccessorImpl.invoke0(Ljava/lang/reflect/Method;Ljava/lang/Object;[Ljava/lang/Object;)Ljava/lang/Object;+0
j  sun.reflect.NativeMethodAccessorImpl.invoke(Ljava/lang/Object;[Ljava/lang/Object;)Ljava/lang/Object;+100
j  sun.reflect.DelegatingMethodAccessorImpl.invoke(Ljava/lang/Object;[Ljava/lang/Object;)Ljava/lang/Object;+6
j  java.lang.reflect.Method.invoke(Ljava/lang/Object;[Ljava/lang/Object;)Ljava/lang/Object;+56
j  com.intellij.rt.execution.application.AppMain.main([Ljava/lang/String;)V+180
v  ~StubRoutines::call_stub

---------------  P R O C E S S  ---------------

Java Threads: ( => current thread )
  0x00007f9ce3858000 JavaThread "Monitor Ctrl-Break" daemon [_thread_in_native, id=21763, stack(0x0000000122d80000,0x0000000122e80000)]
  0x00007f9ce6004000 JavaThread "Service Thread" daemon [_thread_blocked, id=20483, stack(0x00000001228ff000,0x00000001229ff000)]
  0x00007f9ce505a800 JavaThread "C1 CompilerThread3" daemon [_thread_blocked, id=19971, stack(0x00000001227fc000,0x00000001228fc000)]
  0x00007f9ce5059800 JavaThread "C2 CompilerThread2" daemon [_thread_blocked, id=19459, stack(0x00000001226f9000,0x00000001227f9000)]
  0x00007f9ce5059000 JavaThread "C2 CompilerThread1" daemon [_thread_blocked, id=18947, stack(0x00000001225f6000,0x00000001226f6000)]
  0x00007f9ce6806800 JavaThread "C2 CompilerThread0" daemon [_thread_blocked, id=18435, stack(0x00000001224f3000,0x00000001225f3000)]
  0x00007f9ce6802000 JavaThread "Signal Dispatcher" daemon [_thread_blocked, id=14859, stack(0x00000001223f0000,0x00000001224f0000)]
  0x00007f9ce5035800 JavaThread "Finalizer" daemon [_thread_blocked, id=13571, stack(0x00000001208bc000,0x00000001209bc000)]
  0x00007f9ce5035000 JavaThread "Reference Handler" daemon [_thread_blocked, id=13059, stack(0x00000001207b9000,0x00000001208b9000)]
=>0x00007f9ce300a800 JavaThread "main" [_thread_in_native, id=1811, stack(0x00007fff5c711000,0x00007fff5cf11000)]

Other Threads:
  0x00007f9ce5811800 VMThread [stack: 0x00000001206b6000,0x00000001207b6000] [id=12547]
  0x00007f9ce6807800 WatcherThread [stack: 0x0000000122a02000,0x0000000122b02000] [id=20995]

VM state:not at safepoint (normal execution)

VM Mutex/Monitor currently owned by a thread: None

Heap:
 PSYoungGen      total 76288K, used 21231K [0x000000076ab00000, 0x0000000770000000, 0x00000007c0000000)
  eden space 65536K, 32% used [0x000000076ab00000,0x000000076bfbbee0,0x000000076eb00000)
  from space 10752K, 0% used [0x000000076f580000,0x000000076f580000,0x0000000770000000)
  to   space 10752K, 0% used [0x000000076eb00000,0x000000076eb00000,0x000000076f580000)
 ParOldGen       total 175104K, used 0K [0x00000006c0000000, 0x00000006cab00000, 0x000000076ab00000)
  object space 175104K, 0% used [0x00000006c0000000,0x00000006c0000000,0x00000006cab00000)
 Metaspace       used 7642K, capacity 8320K, committed 8576K, reserved 1056768K
  class space    used 592K, capacity 624K, committed 640K, reserved 1048576K

Card table byte_map: [0x00000001141a8000,0x00000001149a9000] byte_map_base: 0x0000000110ba8000

Marking Bits: (ParMarkBitMap*) 0x00000001046f1e20
 Begin Bits: [0x0000000115717000, 0x0000000119717000)
 End Bits:   [0x0000000119717000, 0x000000011d717000)

Polling page: 0x0000000102df3000

CodeCache: size=245760Kb used=2191Kb max_used=2204Kb free=243568Kb
 bounds [0x0000000104de8000, 0x0000000105058000, 0x0000000113de8000]
 total_blobs=1018 nmethods=364 adapters=568
 compilation: enabled

Compilation events (10 events):
Event: 4.193 Thread 0x00007f9ce5059800 nmethod 355% 0x0000000105008990 code [0x0000000105008b00, 0x0000000105008e88]
Event: 4.203 Thread 0x00007f9ce505a800  356   !   3       java.util.zip.ZipFile::getInflater (56 bytes)
Event: 4.203 Thread 0x00007f9ce5059000  358       4       java.util.concurrent.ConcurrentHashMap::tabAt (21 bytes)
Event: 4.203 Thread 0x00007f9ce5059800  359       4       java.util.concurrent.ConcurrentHashMap::casTabAt (20 bytes)
Event: 4.204 Thread 0x00007f9ce505a800 nmethod 356 0x00000001050091d0 code [0x00000001050093c0, 0x0000000105009f78]
Event: 4.204 Thread 0x00007f9ce505a800  357       3       java.util.zip.InflaterInputStream::<init> (79 bytes)
Event: 4.204 Thread 0x00007f9ce6806800  361       4       sun.net.www.ParseUtil::encodePath (336 bytes)
Event: 4.204 Thread 0x00007f9ce5059000 nmethod 358 0x000000010500b290 code [0x000000010500b3c0, 0x000000010500b418]
Event: 4.204 Thread 0x00007f9ce5059800 nmethod 359 0x000000010500b090 code [0x000000010500b1c0, 0x000000010500b238]
Event: 4.204 Thread 0x00007f9ce505a800 nmethod 357 0x000000010500ecd0 code [0x000000010500ee80, 0x000000010500f578]

GC Heap History (0 events):
No events

Deoptimization events (2 events):
Event: 2.178 Thread 0x00007f9ce300a800 Uncommon trap: reason=unstable_if action=reinterpret pc=0x0000000104f1693c method=java.lang.String.indexOf(II)I @ 49
Event: 2.182 Thread 0x00007f9ce300a800 Uncommon trap: reason=unstable_if action=reinterpret pc=0x0000000104f08d68 method=java.lang.String.hashCode()I @ 14

Internal exceptions (10 events):
Event: 0.117 Thread 0x00007f9ce300a800 Exception <a 'java/util/zip/ZipException'> (0x000000076abdf380) thrown at [/Users/java_re/workspace/8-2-build-macosx-x86_64/jdk8u60/4407/hotspot/src/share/vm/prims/jni.cpp, line 709]
Event: 0.118 Thread 0x00007f9ce300a800 Exception <a 'java/security/PrivilegedActionException'> (0x000000076abdf588) thrown at [/Users/java_re/workspace/8-2-build-macosx-x86_64/jdk8u60/4407/hotspot/src/share/vm/prims/jvm.cpp, line 1386]
Event: 0.118 Thread 0x00007f9ce300a800 Exception <a 'java/security/PrivilegedActionException'> (0x000000076abdf798) thrown at [/Users/java_re/workspace/8-2-build-macosx-x86_64/jdk8u60/4407/hotspot/src/share/vm/prims/jvm.cpp, line 1386]
Event: 0.120 Thread 0x00007f9ce300a800 Exception <a 'java/util/zip/ZipException'> (0x000000076abf1318) thrown at [/Users/java_re/workspace/8-2-build-macosx-x86_64/jdk8u60/4407/hotspot/src/share/vm/prims/jni.cpp, line 709]
Event: 0.120 Thread 0x00007f9ce300a800 Exception <a 'java/security/PrivilegedActionException'> (0x000000076abf1520) thrown at [/Users/java_re/workspace/8-2-build-macosx-x86_64/jdk8u60/4407/hotspot/src/share/vm/prims/jvm.cpp, line 1386]
Event: 0.120 Thread 0x00007f9ce300a800 Exception <a 'java/security/PrivilegedActionException'> (0x000000076abf1730) thrown at [/Users/java_re/workspace/8-2-build-macosx-x86_64/jdk8u60/4407/hotspot/src/share/vm/prims/jvm.cpp, line 1386]
Event: 2.201 Thread 0x00007f9ce300a800 Exception <a 'java/security/PrivilegedActionException'> (0x000000076af450d0) thrown at [/Users/java_re/workspace/8-2-build-macosx-x86_64/jdk8u60/4407/hotspot/src/share/vm/prims/jvm.cpp, line 1386]
Event: 2.201 Thread 0x00007f9ce300a800 Exception <a 'java/security/PrivilegedActionException'> (0x000000076af452e0) thrown at [/Users/java_re/workspace/8-2-build-macosx-x86_64/jdk8u60/4407/hotspot/src/share/vm/prims/jvm.cpp, line 1386]
Event: 2.201 Thread 0x00007f9ce300a800 Exception <a 'java/security/PrivilegedActionException'> (0x000000076af48580) thrown at [/Users/java_re/workspace/8-2-build-macosx-x86_64/jdk8u60/4407/hotspot/src/share/vm/prims/jvm.cpp, line 1386]
Event: 2.201 Thread 0x00007f9ce300a800 Exception <a 'java/security/PrivilegedActionException'> (0x000000076af48790) thrown at [/Users/java_re/workspace/8-2-build-macosx-x86_64/jdk8u60/4407/hotspot/src/share/vm/prims/jvm.cpp, line 1386]

Events (10 events):
Event: 4.202 loading class org/lwjgl/system/MemoryUtil$BufferAllocator$2
Event: 4.202 loading class org/lwjgl/system/MemoryUtil$BufferAllocator$2 done
Event: 4.203 loading class org/lwjgl/PointerBuffer$x64
Event: 4.203 loading class org/lwjgl/PointerBuffer$x64 done
Event: 4.203 loading class org/lwjgl/PointerBuffer$Factory
Event: 4.203 loading class org/lwjgl/PointerBuffer$Factory done
Event: 4.204 loading class org/lwjgl/PointerBuffer$x64$1
Event: 4.204 loading class org/lwjgl/PointerBuffer$x64$1 done
Event: 4.208 loading class java/nio/HeapIntBuffer
Event: 4.209 loading class java/nio/HeapIntBuffer done


Dynamic libraries:
0x0000000005e5b000 	/System/Library/Frameworks/Cocoa.framework/Versions/A/Cocoa
0x0000000005e5b000 	/System/Library/Frameworks/Security.framework/Versions/A/Security
0x0000000005e5b000 	/System/Library/Frameworks/ApplicationServices.framework/Versions/A/ApplicationServices
0x0000000005e5b000 	/usr/lib/libz.1.dylib
0x0000000005e5b000 	/usr/lib/libSystem.B.dylib
0x0000000005e5b000 	/usr/lib/libobjc.A.dylib
0x0000000005e5b000 	/System/Library/Frameworks/CoreFoundation.framework/Versions/A/CoreFoundation
0x0000000005e5b000 	/System/Library/Frameworks/Foundation.framework/Versions/C/Foundation
0x0000000005e5b000 	/System/Library/Frameworks/AppKit.framework/Versions/C/AppKit
0x0000000005e5b000 	/System/Library/Frameworks/CoreData.framework/Versions/A/CoreData
0x0000000005e5b000 	/System/Library/PrivateFrameworks/RemoteViewServices.framework/Versions/A/RemoteViewServices
0x0000000005e5b000 	/System/Library/PrivateFrameworks/UIFoundation.framework/Versions/A/UIFoundation
0x0000000005e5b000 	/System/Library/Frameworks/IOSurface.framework/Versions/A/IOSurface
0x0000000005e5b000 	/System/Library/Frameworks/AudioToolbox.framework/Versions/A/AudioToolbox
0x0000000005e5b000 	/System/Library/Frameworks/AudioUnit.framework/Versions/A/AudioUnit
0x0000000005e5b000 	/System/Library/PrivateFrameworks/DataDetectorsCore.framework/Versions/A/DataDetectorsCore
0x0000000005e5b000 	/System/Library/PrivateFrameworks/DesktopServicesPriv.framework/Versions/A/DesktopServicesPriv
0x0000000005e5b000 	/System/Library/Frameworks/Carbon.framework/Versions/A/Frameworks/HIToolbox.framework/Versions/A/HIToolbox
0x0000000005e5b000 	/System/Library/Frameworks/QuartzCore.framework/Versions/A/QuartzCore
0x0000000005e5b000 	/System/Library/Frameworks/Carbon.framework/Versions/A/Frameworks/SpeechRecognition.framework/Versions/A/SpeechRecognition
0x0000000005e5b000 	/usr/lib/libauto.dylib
0x0000000005e5b000 	/usr/lib/libicucore.A.dylib
0x0000000005e5b000 	/usr/lib/libxml2.2.dylib
0x0000000005e5b000 	/System/Library/PrivateFrameworks/CoreUI.framework/Versions/A/CoreUI
0x0000000005e5b000 	/System/Library/Frameworks/CoreAudio.framework/Versions/A/CoreAudio
0x0000000005e5b000 	/System/Library/Frameworks/DiskArbitration.framework/Versions/A/DiskArbitration
0x0000000005e5b000 	/usr/lib/liblangid.dylib
0x0000000005e5b000 	/System/Library/PrivateFrameworks/MultitouchSupport.framework/Versions/A/MultitouchSupport
0x0000000005e5b000 	/System/Library/Frameworks/IOKit.framework/Versions/A/IOKit
0x0000000005e5b000 	/usr/lib/libDiagnosticMessagesClient.dylib
0x0000000005e5b000 	/System/Library/Frameworks/CoreServices.framework/Versions/A/CoreServices
0x0000000005e5b000 	/System/Library/PrivateFrameworks/PerformanceAnalysis.framework/Versions/A/PerformanceAnalysis
0x0000000005e5b000 	/System/Library/PrivateFrameworks/GenerationalStorage.framework/Versions/A/GenerationalStorage
0x0000000005e5b000 	/System/Library/Frameworks/OpenGL.framework/Versions/A/OpenGL
0x0000000005e5b000 	/System/Library/PrivateFrameworks/Sharing.framework/Versions/A/Sharing
0x0000000005e5b000 	/System/Library/Frameworks/CoreGraphics.framework/Versions/A/CoreGraphics
0x0000000005e5b000 	/System/Library/Frameworks/CoreText.framework/Versions/A/CoreText
0x0000000005e5b000 	/System/Library/Frameworks/ImageIO.framework/Versions/A/ImageIO
0x0000000005e5b000 	/usr/lib/libextension.dylib
0x0000000005e5b000 	/System/Library/PrivateFrameworks/Backup.framework/Versions/A/Backup
0x0000000005e5b000 	/usr/lib/libarchive.2.dylib
0x0000000005e5b000 	/System/Library/Frameworks/CFNetwork.framework/Versions/A/CFNetwork
0x0000000005e5b000 	/System/Library/Frameworks/SystemConfiguration.framework/Versions/A/SystemConfiguration
0x0000000005e5b000 	/usr/lib/libCRFSuite.dylib
0x0000000005e5b000 	/usr/lib/libc++.1.dylib
0x0000000005e5b000 	/usr/lib/libc++abi.dylib
0x0000000005e5b000 	/usr/lib/system/libcache.dylib
0x0000000005e5b000 	/usr/lib/system/libcommonCrypto.dylib
0x0000000005e5b000 	/usr/lib/system/libcompiler_rt.dylib
0x0000000005e5b000 	/usr/lib/system/libcopyfile.dylib
0x0000000005e5b000 	/usr/lib/system/libcorecrypto.dylib
0x0000000005e5b000 	/usr/lib/system/libdispatch.dylib
0x0000000005e5b000 	/usr/lib/system/libdyld.dylib
0x0000000005e5b000 	/usr/lib/system/libkeymgr.dylib
0x0000000005e5b000 	/usr/lib/system/liblaunch.dylib
0x0000000005e5b000 	/usr/lib/system/libmacho.dylib
0x0000000005e5b000 	/usr/lib/system/libquarantine.dylib
0x0000000005e5b000 	/usr/lib/system/libremovefile.dylib
0x0000000005e5b000 	/usr/lib/system/libsystem_asl.dylib
0x0000000005e5b000 	/usr/lib/system/libsystem_blocks.dylib
0x0000000005e5b000 	/usr/lib/system/libsystem_c.dylib
0x0000000005e5b000 	/usr/lib/system/libsystem_configuration.dylib
0x0000000005e5b000 	/usr/lib/system/libsystem_coreservices.dylib
0x0000000005e5b000 	/usr/lib/system/libsystem_coretls.dylib
0x0000000005e5b000 	/usr/lib/system/libsystem_dnssd.dylib
0x0000000005e5b000 	/usr/lib/system/libsystem_info.dylib
0x0000000005e5b000 	/usr/lib/system/libsystem_kernel.dylib
0x0000000005e5b000 	/usr/lib/system/libsystem_m.dylib
0x0000000005e5b000 	/usr/lib/system/libsystem_malloc.dylib
0x0000000005e5b000 	/usr/lib/system/libsystem_network.dylib
0x0000000005e5b000 	/usr/lib/system/libsystem_networkextension.dylib
0x0000000005e5b000 	/usr/lib/system/libsystem_notify.dylib
0x0000000005e5b000 	/usr/lib/system/libsystem_platform.dylib
0x0000000005e5b000 	/usr/lib/system/libsystem_pthread.dylib
0x0000000005e5b000 	/usr/lib/system/libsystem_sandbox.dylib
0x0000000005e5b000 	/usr/lib/system/libsystem_secinit.dylib
0x0000000005e5b000 	/usr/lib/system/libsystem_stats.dylib
0x0000000005e5b000 	/usr/lib/system/libsystem_trace.dylib
0x0000000005e5b000 	/usr/lib/system/libunc.dylib
0x0000000005e5b000 	/usr/lib/system/libunwind.dylib
0x0000000005e5b000 	/usr/lib/system/libxpc.dylib
0x0000000005e5b000 	/usr/lib/libbz2.1.0.dylib
0x0000000005e5b000 	/usr/lib/liblzma.5.dylib
0x0000000005e5b000 	/usr/lib/libbsm.0.dylib
0x0000000005e5b000 	/usr/lib/libsqlite3.dylib
0x0000000005e5b000 	/usr/lib/system/libkxld.dylib
0x0000000005e5b000 	/usr/lib/libxar.1.dylib
0x0000000005e5b000 	/usr/lib/libpam.2.dylib
0x0000000005e5b000 	/usr/lib/libOpenScriptingUtil.dylib
0x0000000005e5b000 	/System/Library/Frameworks/CoreServices.framework/Versions/A/Frameworks/FSEvents.framework/Versions/A/FSEvents
0x0000000005e5b000 	/System/Library/Frameworks/CoreServices.framework/Versions/A/Frameworks/CarbonCore.framework/Versions/A/CarbonCore
0x0000000005e5b000 	/System/Library/Frameworks/CoreServices.framework/Versions/A/Frameworks/Metadata.framework/Versions/A/Metadata
0x0000000005e5b000 	/System/Library/Frameworks/CoreServices.framework/Versions/A/Frameworks/OSServices.framework/Versions/A/OSServices
0x0000000005e5b000 	/System/Library/Frameworks/CoreServices.framework/Versions/A/Frameworks/SearchKit.framework/Versions/A/SearchKit
0x0000000005e5b000 	/System/Library/Frameworks/CoreServices.framework/Versions/A/Frameworks/AE.framework/Versions/A/AE
0x0000000005e5b000 	/System/Library/Frameworks/CoreServices.framework/Versions/A/Frameworks/LaunchServices.framework/Versions/A/LaunchServices
0x0000000005e5b000 	/System/Library/Frameworks/CoreServices.framework/Versions/A/Frameworks/DictionaryServices.framework/Versions/A/DictionaryServices
0x0000000005e5b000 	/System/Library/Frameworks/NetFS.framework/Versions/A/NetFS
0x0000000005e5b000 	/System/Library/PrivateFrameworks/NetAuth.framework/Versions/A/NetAuth
0x0000000005e5b000 	/System/Library/PrivateFrameworks/login.framework/Versions/A/Frameworks/loginsupport.framework/Versions/A/loginsupport
0x0000000005e5b000 	/System/Library/PrivateFrameworks/TCC.framework/Versions/A/TCC
0x0000000005e5b000 	/usr/lib/libmecabra.dylib
0x0000000005e5b000 	/System/Library/Frameworks/ApplicationServices.framework/Versions/A/Frameworks/ATS.framework/Versions/A/ATS
0x0000000005e5b000 	/System/Library/Frameworks/ApplicationServices.framework/Versions/A/Frameworks/ColorSync.framework/Versions/A/ColorSync
0x0000000005e5b000 	/System/Library/Frameworks/ApplicationServices.framework/Versions/A/Frameworks/HIServices.framework/Versions/A/HIServices
0x0000000005e5b000 	/System/Library/Frameworks/ApplicationServices.framework/Versions/A/Frameworks/LangAnalysis.framework/Versions/A/LangAnalysis
0x0000000005e5b000 	/System/Library/Frameworks/ApplicationServices.framework/Versions/A/Frameworks/PrintCore.framework/Versions/A/PrintCore
0x0000000005e5b000 	/System/Library/Frameworks/ApplicationServices.framework/Versions/A/Frameworks/QD.framework/Versions/A/QD
0x0000000005e5b000 	/System/Library/Frameworks/ApplicationServices.framework/Versions/A/Frameworks/SpeechSynthesis.framework/Versions/A/SpeechSynthesis
0x0000000005e5b000 	/System/Library/Frameworks/Accelerate.framework/Versions/A/Accelerate
0x0000000005e5b000 	/System/Library/Frameworks/Accelerate.framework/Versions/A/Frameworks/vImage.framework/Versions/A/vImage
0x0000000005e5b000 	/System/Library/Frameworks/Accelerate.framework/Versions/A/Frameworks/vecLib.framework/Versions/A/vecLib
0x0000000005e5b000 	/System/Library/Frameworks/Accelerate.framework/Versions/A/Frameworks/vecLib.framework/Versions/A/libvDSP.dylib
0x0000000005e5b000 	/System/Library/Frameworks/Accelerate.framework/Versions/A/Frameworks/vecLib.framework/Versions/A/libvMisc.dylib
0x0000000005e5b000 	/System/Library/Frameworks/Accelerate.framework/Versions/A/Frameworks/vecLib.framework/Versions/A/libLAPACK.dylib
0x0000000005e5b000 	/System/Library/Frameworks/Accelerate.framework/Versions/A/Frameworks/vecLib.framework/Versions/A/libBLAS.dylib
0x0000000005e5b000 	/System/Library/Frameworks/Accelerate.framework/Versions/A/Frameworks/vecLib.framework/Versions/A/libLinearAlgebra.dylib
0x0000000005e5b000 	/System/Library/Frameworks/ApplicationServices.framework/Versions/A/Frameworks/ATS.framework/Versions/A/Resources/libFontParser.dylib
0x0000000005e5b000 	/System/Library/Frameworks/ApplicationServices.framework/Versions/A/Frameworks/ATS.framework/Versions/A/Resources/libFontRegistry.dylib
0x0000000005e5b000 	/System/Library/PrivateFrameworks/AppleVPA.framework/Versions/A/AppleVPA
0x0000000005e5b000 	/System/Library/PrivateFrameworks/AppleJPEG.framework/Versions/A/AppleJPEG
0x0000000005e5b000 	/System/Library/Frameworks/ImageIO.framework/Versions/A/Resources/libJPEG.dylib
0x0000000005e5b000 	/System/Library/Frameworks/ImageIO.framework/Versions/A/Resources/libTIFF.dylib
0x0000000005e5b000 	/System/Library/Frameworks/ImageIO.framework/Versions/A/Resources/libPng.dylib
0x0000000005e5b000 	/System/Library/Frameworks/ImageIO.framework/Versions/A/Resources/libGIF.dylib
0x0000000005e5b000 	/System/Library/Frameworks/ImageIO.framework/Versions/A/Resources/libJP2.dylib
0x0000000005e5b000 	/System/Library/Frameworks/ImageIO.framework/Versions/A/Resources/libRadiance.dylib
0x0000000005e5b000 	/System/Library/Frameworks/CoreVideo.framework/Versions/A/CoreVideo
0x0000000005e5b000 	/System/Library/Frameworks/OpenGL.framework/Versions/A/Libraries/libGLU.dylib
0x0000000005e5b000 	/System/Library/Frameworks/OpenGL.framework/Versions/A/Libraries/libGFXShared.dylib
0x0000000005e5b000 	/System/Library/Frameworks/OpenGL.framework/Versions/A/Libraries/libGL.dylib
0x0000000005e5b000 	/System/Library/Frameworks/OpenGL.framework/Versions/A/Libraries/libGLImage.dylib
0x0000000005e5b000 	/System/Library/Frameworks/OpenGL.framework/Versions/A/Libraries/libCVMSPluginSupport.dylib
0x0000000005e5b000 	/System/Library/Frameworks/OpenGL.framework/Versions/A/Libraries/libCoreVMClient.dylib
0x0000000005e5b000 	/usr/lib/libcups.2.dylib
0x0000000005e5b000 	/System/Library/Frameworks/Kerberos.framework/Versions/A/Kerberos
0x0000000005e5b000 	/System/Library/Frameworks/GSS.framework/Versions/A/GSS
0x0000000005e5b000 	/usr/lib/libresolv.9.dylib
0x0000000005e5b000 	/usr/lib/libiconv.2.dylib
0x0000000005e5b000 	/System/Library/PrivateFrameworks/Heimdal.framework/Versions/A/Heimdal
0x0000000005e5b000 	/usr/lib/libheimdal-asn1.dylib
0x0000000005e5b000 	/System/Library/Frameworks/OpenDirectory.framework/Versions/A/OpenDirectory
0x0000000005e5b000 	/System/Library/PrivateFrameworks/CommonAuth.framework/Versions/A/CommonAuth
0x0000000005e5b000 	/System/Library/Frameworks/OpenDirectory.framework/Versions/A/Frameworks/CFOpenDirectory.framework/Versions/A/CFOpenDirectory
0x0000000005e5b000 	/System/Library/Frameworks/SecurityFoundation.framework/Versions/A/SecurityFoundation
0x0000000005e5b000 	/System/Library/PrivateFrameworks/LanguageModeling.framework/Versions/A/LanguageModeling
0x0000000005e5b000 	/usr/lib/libcmph.dylib
0x0000000005e5b000 	/System/Library/Frameworks/ServiceManagement.framework/Versions/A/ServiceManagement
0x0000000005e5b000 	/usr/lib/libxslt.1.dylib
0x0000000005e5b000 	/System/Library/Frameworks/Carbon.framework/Versions/A/Frameworks/Ink.framework/Versions/A/Ink
0x0000000005e5b000 	/System/Library/Frameworks/QuartzCore.framework/Versions/A/Frameworks/CoreImage.framework/Versions/A/CoreImage
0x0000000005e5b000 	/System/Library/PrivateFrameworks/CrashReporterSupport.framework/Versions/A/CrashReporterSupport
0x0000000005e5b000 	/System/Library/Frameworks/OpenCL.framework/Versions/A/OpenCL
0x0000000005e5b000 	/System/Library/PrivateFrameworks/FaceCore.framework/Versions/A/FaceCore
0x0000000005e5b000 	/System/Library/PrivateFrameworks/Ubiquity.framework/Versions/A/Ubiquity
0x0000000005e5b000 	/System/Library/PrivateFrameworks/IconServices.framework/Versions/A/IconServices
0x0000000005e5b000 	/System/Library/PrivateFrameworks/ChunkingLibrary.framework/Versions/A/ChunkingLibrary
0x0000000005e5b000 	/System/Library/PrivateFrameworks/Apple80211.framework/Versions/A/Apple80211
0x0000000005e5b000 	/System/Library/Frameworks/CoreWLAN.framework/Versions/A/CoreWLAN
0x0000000005e5b000 	/System/Library/Frameworks/IOBluetooth.framework/Versions/A/IOBluetooth
0x0000000005e5b000 	/System/Library/PrivateFrameworks/CoreWiFi.framework/Versions/A/CoreWiFi
0x0000000005e5b000 	/System/Library/Frameworks/CoreBluetooth.framework/Versions/A/CoreBluetooth
0x0000000005e5b000 	/System/Library/PrivateFrameworks/DebugSymbols.framework/Versions/A/DebugSymbols
0x0000000005e5b000 	/System/Library/PrivateFrameworks/CoreSymbolication.framework/Versions/A/CoreSymbolication
0x0000000005e5b000 	/System/Library/PrivateFrameworks/Symbolication.framework/Versions/A/Symbolication
0x0000000005e5b000 	/System/Library/PrivateFrameworks/SpeechRecognitionCore.framework/Versions/A/SpeechRecognitionCore
0x0000000103e13000 	/Library/Java/JavaVirtualMachines/jdk1.8.0_60.jdk/Contents/Home/jre/lib/server/libjvm.dylib
0x0000000005e5b000 	/usr/lib/libstdc++.6.dylib
0x0000000104d9c000 	/Library/Java/JavaVirtualMachines/jdk1.8.0_60.jdk/Contents/Home/jre/lib/libverify.dylib
0x0000000104daa000 	/Library/Java/JavaVirtualMachines/jdk1.8.0_60.jdk/Contents/Home/jre/lib/libjava.dylib
0x0000000104ddf000 	/Library/Java/JavaVirtualMachines/jdk1.8.0_60.jdk/Contents/Home/jre/lib/libzip.dylib
0x00000001209be000 	/System/Library/Frameworks/JavaVM.framework/Frameworks/JavaRuntimeSupport.framework/JavaRuntimeSupport
0x00000001209d9000 	/System/Library/Frameworks/JavaVM.framework/Versions/A/Frameworks/JavaNativeFoundation.framework/Versions/A/JavaNativeFoundation
0x00000001209ee000 	/System/Library/Frameworks/JavaVM.framework/Versions/A/JavaVM
0x0000000005e5b000 	/System/Library/Frameworks/Carbon.framework/Versions/A/Carbon
0x00000001209fb000 	/System/Library/PrivateFrameworks/JavaLaunching.framework/Versions/A/JavaLaunching
0x0000000005e5b000 	/System/Library/Frameworks/Carbon.framework/Versions/A/Frameworks/CommonPanels.framework/Versions/A/CommonPanels
0x0000000005e5b000 	/System/Library/Frameworks/Carbon.framework/Versions/A/Frameworks/Help.framework/Versions/A/Help
0x0000000005e5b000 	/System/Library/Frameworks/Carbon.framework/Versions/A/Frameworks/ImageCapture.framework/Versions/A/ImageCapture
0x0000000005e5b000 	/System/Library/Frameworks/Carbon.framework/Versions/A/Frameworks/OpenScripting.framework/Versions/A/OpenScripting
0x0000000005e5b000 	/System/Library/Frameworks/Carbon.framework/Versions/A/Frameworks/Print.framework/Versions/A/Print
0x0000000005e5b000 	/System/Library/Frameworks/Carbon.framework/Versions/A/Frameworks/SecurityHI.framework/Versions/A/SecurityHI
0x0000000122d7c000 	/Applications/IntelliJ IDEA 15.app/Contents/bin/libbreakgen64.jnilib
0x0000000122e82000 	/Library/Java/JavaVirtualMachines/jdk1.8.0_60.jdk/Contents/Home/jre/lib/libnet.dylib
0x0000000122ee1000 	/private/var/folders/06/2pfnmrxj1y31y1vpgmc2cx_m0000gp/T/liblwjgl.dylib
0x0000000122f42000 	/var/folders/06/2pfnmrxj1y31y1vpgmc2cx_m0000gp/T/libjemalloc.dylib
0x0000000122f7c000 	/var/folders/06/2pfnmrxj1y31y1vpgmc2cx_m0000gp/T/libglfw.dylib
0x0000000005e5b000 	/System/Library/PrivateFrameworks/CoreServicesInternal.framework/Versions/A/CoreServicesInternal
0x0000000005e5b000 	/System/Library/PrivateFrameworks/CloudDocs.framework/Versions/A/CloudDocs
0x0000000005e5b000 	/System/Library/PrivateFrameworks/CoreDuet.framework/Versions/A/CoreDuet
0x0000000005e5b000 	/System/Library/Frameworks/CloudKit.framework/Versions/A/CloudKit
0x0000000005e5b000 	/System/Library/PrivateFrameworks/ProtocolBuffer.framework/Versions/A/ProtocolBuffer
0x0000000005e5b000 	/System/Library/PrivateFrameworks/CoreDuetDaemonProtocol.framework/Versions/A/CoreDuetDaemonProtocol
0x0000000005e5b000 	/System/Library/PrivateFrameworks/CoreDuetDebugLogging.framework/Versions/A/CoreDuetDebugLogging
0x0000000005e5b000 	/System/Library/PrivateFrameworks/MMCS.framework/Versions/A/MMCS
0x0000000005e5b000 	/System/Library/Frameworks/CoreLocation.framework/Versions/A/CoreLocation
0x0000000005e5b000 	/System/Library/PrivateFrameworks/ProtectedCloudStorage.framework/Versions/A/ProtectedCloudStorage
0x0000000005e5b000 	/System/Library/PrivateFrameworks/GeoServices.framework/Versions/A/GeoServices
0x0000000005e5b000 	/System/Library/Frameworks/CoreGraphics.framework/Versions/A/Resources/libCGCMS.A.dylib
0x0000000005e5b000 	/System/Library/PrivateFrameworks/FamilyControls.framework/Versions/A/FamilyControls
0x0000000005e5b000 	/System/Library/PrivateFrameworks/CommerceKit.framework/Versions/A/Frameworks/CommerceCore.framework/Versions/A/CommerceCore
0x0000000005e5b000 	/System/Library/PrivateFrameworks/SystemAdministration.framework/Versions/A/SystemAdministration
0x0000000005e5b000 	/System/Library/PrivateFrameworks/AppContainer.framework/Versions/A/AppContainer
0x0000000005e5b000 	/System/Library/PrivateFrameworks/SecCodeWrapper.framework/Versions/A/SecCodeWrapper
0x0000000005e5b000 	/System/Library/Frameworks/DirectoryService.framework/Versions/A/DirectoryService
0x0000000005e5b000 	/System/Library/PrivateFrameworks/DiskImages.framework/Versions/A/DiskImages
0x0000000005e5b000 	/System/Library/PrivateFrameworks/LoginUIKit.framework/Versions/A/Frameworks/LoginUICore.framework/Versions/A/LoginUICore
0x0000000005e5b000 	/usr/lib/libCoreStorage.dylib
0x0000000005e5b000 	/usr/lib/libcsfde.dylib
0x0000000005e5b000 	/usr/lib/libodfde.dylib
0x0000000005e5b000 	/System/Library/Frameworks/DiscRecording.framework/Versions/A/DiscRecording
0x0000000005e5b000 	/usr/lib/libcurl.4.dylib
0x0000000005e5b000 	/System/Library/PrivateFrameworks/MediaKit.framework/Versions/A/MediaKit
0x0000000005e5b000 	/System/Library/PrivateFrameworks/EFILogin.framework/Versions/A/EFILogin
0x0000000005e5b000 	/usr/lib/libutil.dylib
0x0000000005e5b000 	/System/Library/PrivateFrameworks/FindMyDevice.framework/Versions/A/FindMyDevice
0x0000000005e5b000 	/System/Library/Frameworks/LDAP.framework/Versions/A/LDAP
0x0000000005e5b000 	/usr/lib/libsasl2.2.dylib
0x0000000005e5b000 	/System/Library/PrivateFrameworks/CoreDaemon.framework/Versions/B/CoreDaemon
0x0000000005e5b000 	/usr/lib/libcrypto.0.9.8.dylib
0x0000000005e5b000 	/System/Library/PrivateFrameworks/AppleSRP.framework/Versions/A/AppleSRP
0x0000000005e5b000 	/System/Library/PrivateFrameworks/TrustEvaluationAgent.framework/Versions/A/TrustEvaluationAgent
0x0000000005e5b000 	/System/Library/Frameworks/CoreGraphics.framework/Versions/A/Resources/libRIP.A.dylib
0x0000000005e5b000 	/System/Library/Frameworks/OpenGL.framework/Versions/A/Resources/GLEngine.bundle/GLEngine
0x0000000005e5b000 	/System/Library/Frameworks/OpenGL.framework/Versions/A/Libraries/libGLProgrammability.dylib
0x0000000125b4c000 	/System/Library/Extensions/AppleIntelHD5000GraphicsGLDriver.bundle/Contents/MacOS/AppleIntelHD5000GraphicsGLDriver
0x0000000005e5b000 	/System/Library/PrivateFrameworks/IOAccelerator.framework/Versions/A/IOAccelerator
0x0000000005e5b000 	/System/Library/PrivateFrameworks/GPUSupport.framework/Versions/A/Libraries/libGPUSupportMercury.dylib
0x0000000005e5b000 	/System/Library/Frameworks/OpenGL.framework/Versions/A/Resources/GLRendererFloat.bundle/GLRendererFloat
0x0000000005e5b000 	/System/Library/Frameworks/OpenCL.framework/Versions/A/Libraries/libcldcpuengine.dylib
0x0000000005e5b000 	/System/Library/Frameworks/CoreGraphics.framework/Versions/A/Resources/libCGXType.A.dylib

VM Arguments:
jvm_args: -Didea.launcher.port=7532 -Didea.launcher.bin.path=/Applications/IntelliJ IDEA 15.app/Contents/bin -Dfile.encoding=UTF-8 
java_command: com.intellij.rt.execution.application.AppMain be.davidcorp.engine.Test
java_class_path (initial): /Library/Java/JavaVirtualMachines/jdk1.8.0_60.jdk/Contents/Home/lib/ant-javafx.jar:/Library/Java/JavaVirtualMachines/jdk1.8.0_60.jdk/Contents/Home/lib/dt.jar:/Library/Java/JavaVirtualMachines/jdk1.8.0_60.jdk/Contents/Home/lib/javafx-mx.jar:/Library/Java/JavaVirtualMachines/jdk1.8.0_60.jdk/Contents/Home/lib/jconsole.jar:/Library/Java/JavaVirtualMachines/jdk1.8.0_60.jdk/Contents/Home/lib/packager.jar:/Library/Java/JavaVirtualMachines/jdk1.8.0_60.jdk/Contents/Home/lib/sa-jdi.jar:/Library/Java/JavaVirtualMachines/jdk1.8.0_60.jdk/Contents/Home/lib/tools.jar:/Library/Java/JavaVirtualMachines/jdk1.8.0_60.jdk/Contents/Home/jre/lib/charsets.jar:/Library/Java/JavaVirtualMachines/jdk1.8.0_60.jdk/Contents/Home/jre/lib/deploy.jar:/Library/Java/JavaVirtualMachines/jdk1.8.0_60.jdk/Contents/Home/jre/lib/javaws.jar:/Library/Java/JavaVirtualMachines/jdk1.8.0_60.jdk/Contents/Home/jre/lib/jce.jar:/Library/Java/JavaVirtualMachines/jdk1.8.0_60.jdk/Contents/Home/jre/lib/jfr.jar:/Library/Java/JavaVirtualMachines/jdk1.8.0_60.jdk/Contents/Home/jre/lib/jfxswt.jar:/Library/Java/JavaVirtualMachines/jdk1.8.0_60.jdk/Contents/Home/jre/lib/jsse.jar:/Library/Java/JavaVirtualMachines/jdk1.8.0_60.jdk/Contents/Home/jre/lib/management-agent.jar:/Library/Java/JavaVirtualMachines/jdk1.8.0_60.jdk/Contents/Home/jre/lib/plugin.jar:/Library/Java/JavaVirtualMachines/jdk1.8.0_60.jdk/Contents/Home/jre/lib/resources.jar:/Library/Java/JavaVirtualMachines/jdk1.8.0_60.jdk/Contents/Home/jre/lib/rt.jar:/Library/Java/JavaVirtualMachines/jdk1.8.0_60.jdk/Contents/Home/jre/lib/ext/cldrdata.jar:/Library/Java/JavaVirtualMachines/jdk1.8.0_60.jdk/Contents/Home/jre/lib/ext/dnsns.jar:/Library/Java/JavaVirtualMachines/jdk1.8.0_60.jdk/Contents/Home/jre/lib/ext/jaccess.jar:/Library/Java/JavaVirtualMachines/jdk1.8.0_60.jdk/Contents/Home/jre/lib/ext/jfxrt.jar:/Library/Java/JavaVirtualMachines/jdk1.8.0_60.jdk/Contents/Home/jre/lib/ext/localedata.jar:/Library/Java/JavaVirtualMachines/jdk1.8.0_60.jdk/Conten
Launcher Type: SUN_STANDARD

Environment Variables:
JAVA_HOME=/Library/Java/JavaVirtualMachines/jdk1.8.0_60.jdk/Contents/Home/
PATH=/Users/davidmaes/Development/tools/apache-maven-3.0.5/bin:/Users/davidmaes/Downloads/phantomjs-1.9.7-macosx/bin:/usr/local/bin:/usr/bin:/bin:/usr/sbin:/sbin
SHELL=/bin/zsh
DISPLAY=/private/tmp/com.apple.launchd.1CnGoeVVPB/org.macosforge.xquartz:0

Signal Handlers:
SIGSEGV: [libjvm.dylib+0x5a6d31], sa_mask[0]=11111111011111110111111111111111, sa_flags=SA_ONSTACK|SA_RESTART|SA_SIGINFO
SIGBUS: [libjvm.dylib+0x5a6d31], sa_mask[0]=11111111011111110111111111111111, sa_flags=SA_RESTART|SA_SIGINFO
SIGFPE: [libjvm.dylib+0x480a4c], sa_mask[0]=11111111011111110111111111111111, sa_flags=SA_RESTART|SA_SIGINFO
SIGPIPE: [libjvm.dylib+0x480a4c], sa_mask[0]=11111111011111110111111111111111, sa_flags=SA_RESTART|SA_SIGINFO
SIGXFSZ: [libjvm.dylib+0x480a4c], sa_mask[0]=11111111011111110111111111111111, sa_flags=SA_RESTART|SA_SIGINFO
SIGILL: [libjvm.dylib+0x480a4c], sa_mask[0]=11111111011111110111111111111111, sa_flags=SA_RESTART|SA_SIGINFO
SIGUSR1: SIG_DFL, sa_mask[0]=00000000000000000000000000000000, sa_flags=none
SIGUSR2: [libjvm.dylib+0x48056a], sa_mask[0]=00100000000000000000000000000000, sa_flags=SA_RESTART|SA_SIGINFO
SIGHUP: [libjvm.dylib+0x47eb41], sa_mask[0]=11111111011111110111111111111111, sa_flags=SA_RESTART|SA_SIGINFO
SIGINT: [libjvm.dylib+0x47eb41], sa_mask[0]=11111111011111110111111111111111, sa_flags=SA_RESTART|SA_SIGINFO
SIGTERM: [libjvm.dylib+0x47eb41], sa_mask[0]=11111111011111110111111111111111, sa_flags=SA_RESTART|SA_SIGINFO
SIGQUIT: [libjvm.dylib+0x47eb41], sa_mask[0]=11111111011111110111111111111111, sa_flags=SA_RESTART|SA_SIGINFO


---------------  S Y S T E M  ---------------

OS:Bsduname:Darwin 14.5.0 Darwin Kernel Version 14.5.0: Wed Jul 29 02:26:53 PDT 2015; root:xnu-2782.40.9~1/RELEASE_X86_64 x86_64
rlimit: STACK 8192k, CORE 0k, NPROC 709, NOFILE 10240, AS infinity
load average:2.88 2.40 2.34

CPU:total 8 (4 cores per cpu, 2 threads per core) family 6 model 70 stepping 1, cmov, cx8, fxsr, mmx, sse, sse2, sse3, ssse3, sse4.1, sse4.2, popcnt, avx, avx2, aes, clmul, erms, lzcnt, ht, tsc, tscinvbit, bmi1, bmi2

Memory: 4k page, physical 16777216k(192712k free)

/proc/meminfo:


vm_info: Java HotSpot(TM) 64-Bit Server VM (25.60-b23) for bsd-amd64 JRE (1.8.0_60-b27), built on Aug  4 2015 10:47:24 by "java_re" with gcc 4.2.1 (Based on Apple Inc. build 5658) (LLVM build 2336.11.00)

time: Tue Mar  1 19:23:06 2016
elapsed time: 4 seconds (0d 0h 0m 4s)

